20240606	12:38:01	27348cc8-83ea-4aa3-bf2e-336cf2f014f1	$(req.method)	/	undefined
20240606	12:38:22	f9b5dfea-b6dc-46d2-a37b-a01305b42b5d	$(req.method)	/	undefined
20240606	12:38:22	11f72f1a-30df-41ab-9670-ad0f174dcc1e	$(req.method)	/css/style.css	undefined
20240606	13:04:49	75bcfa7a-2f40-43ce-a5d8-bd2cd722a1d6	$(req.method)	/css/style.css	undefined
20240606	13:05:16	54cb8e2e-f6a5-4580-9658-861d9d43fcdf	$(req.method)	/	undefined
20240606	13:06:20	09ecada1-d6bb-48b7-a1cc-3e6e6329749f	$(req.method)	/	undefined
20240606	13:06:20	5f6b1da1-115b-4bb0-a2b2-3e8fa128615d	$(req.method)	/	undefined
20240606	13:08:04	62b432b9-9ab7-42f8-8fd2-9ae9441d486f	$(req.method)	/	undefined
20240606	13:08:04	c91ae086-b202-4998-b301-8e9a5ed267eb	$(req.method)	/	undefined
20240606	13:17:13	bea9f516-2edb-4073-b650-202eaae3f5dd	$(req.method)	/	undefined
20240606	13:17:43	529454ad-3496-4a20-9a7f-598d2a82c748	$(req.method)	/	undefined
20240606	13:17:43	771ae262-bb28-42cc-ba15-512e592c3fdc	$(req.method)	/	undefined
20240606	16:50:42	735295e1-0aee-4c2b-9005-6b73d23750d8	$(req.method)	/Users	undefined
20240606	16:52:14	8efdf79b-42ac-4f26-9940-22fb325b42cf	$(req.method)	/Users	undefined
20240606	16:52:24	aef275cf-efa1-4b18-ad41-4bcdfbe79752	$(req.method)	/Users	undefined
20240606	16:54:46	75c0e352-9f39-4118-b6ad-4151b2d8467f	$(req.method)	/Users	undefined
20240606	16:54:57	38e36b4a-1815-425b-bd71-0b90ae0f36a6	$(req.method)	/Users	undefined
20240606	16:56:27	ae1ba6a6-6372-47f9-adbe-d8a333bdb9b7	$(req.method)	/Users	undefined
20240606	16:56:37	e32301ba-c9b3-4505-aedd-7d4675ad4b5c	$(req.method)	/Users	undefined
20240606	16:56:50	f34f9a19-a213-4cc9-a2e5-31a57e469cba	$(req.method)	/Users	undefined
20240606	16:56:56	c8f033db-0b0f-4ea9-b4fd-12d3d5af45d8	$(req.method)	/Users	undefined
20240606	16:57:07	78cee192-ad81-4ea8-9517-e7b2d9553528	$(req.method)	/Users	undefined
20240606	16:57:29	9fd748d8-7141-415e-be5b-52acd989968f	$(req.method)	/Users	undefined
20240606	16:57:41	5c973087-2891-48d5-bb77-476ee283aa65	$(req.method)	/Users	undefined
20240606	16:58:28	c381250b-b732-4c32-8847-d849da257e08	$(req.method)	/Users	undefined
20240606	16:58:33	ba7f74c8-d564-4191-b52d-cfd8b37733b8	$(req.method)	/Users	undefined
20240606	16:58:45	b795557d-68a5-4329-a0bc-e5740fbf6aaf	$(req.method)	/Users	undefined
20240606	16:59:07	a44738c1-bb57-4c9d-984f-cef90fecea1f	$(req.method)	/Users	undefined
20240606	16:59:57	a21dc24e-7047-434d-a587-958361db8441	$(req.method)	/Users	undefined
20240606	17:05:53	715ceca8-334f-4c4c-8880-1e8fb602eb20	$(req.method)	/Users	undefined
20240606	17:06:07	0a5dede4-0b45-403f-9200-51258085604b	$(req.method)	/Users	undefined
20240606	17:06:20	c56c7286-0fb5-4655-bbae-5e0cbc2ea999	$(req.method)	/Users	undefined
20240606	17:06:37	631987a4-5e39-4fc5-9d79-882d4015c30c	$(req.method)	/Users	undefined
20240606	17:06:47	1cac38db-c8b9-4dad-b414-a28ff5352643	$(req.method)	/Users	undefined
20240606	17:06:57	6a1497e5-6671-4641-8ff7-1f1aee00ad65	$(req.method)	/Users	undefined
20240606	17:07:13	9ca4fb60-75b9-45fb-b5d2-c45b99ab15c0	$(req.method)	/Users	undefined
20240606	17:07:36	42638127-9873-435d-809d-1dd2ae1b82a6	$(req.method)	/Users	undefined
20240606	17:07:46	4a1d67fd-017f-4e93-a0b4-d1837c18ba4c	$(req.method)	/Users	undefined
20240606	17:08:03	501c60ae-b308-4a1f-9279-38365e1c7f26	$(req.method)	/Users	undefined
20240606	17:08:15	598081af-1201-41b9-aeba-1049eec772b6	$(req.method)	/Users	undefined
20240606	17:08:21	f6f50e42-a8fa-4e22-81a4-f1b336536bc8	$(req.method)	/Users	undefined
20240606	17:08:28	e1473513-86b2-426f-ad28-5c8a1ae5e0bb	$(req.method)	/Users	undefined
20240606	17:08:38	2644ba39-5771-42cf-b4fe-036711a73460	$(req.method)	/Users	undefined
20240606	17:09:00	40faf9f6-b96e-49eb-96eb-c107aabc3e15	$(req.method)	/Users	undefined
20240606	17:09:07	7e1d97cd-6c7f-485c-ad02-64fb90bc9930	$(req.method)	/Users	undefined
20240606	17:11:11	f44ac442-45e4-439b-8ba6-125751f410bd	$(req.method)	/Users	undefined
20240606	17:11:16	8cc8be53-4765-41ae-83fa-581b1fd93193	$(req.method)	/Users	undefined
20240606	17:11:30	f2ad6423-e56c-4e04-b3a7-06abb4a90924	$(req.method)	/Users	undefined
20240606	17:11:40	41a2afae-f7f5-4f49-9a3b-761973f7d7b8	$(req.method)	/Users	undefined
20240606	17:16:05	955c9654-0c6f-4040-87b2-cc89fd3215f9	$(req.method)	/Users	undefined
20240606	17:16:17	d91bc3f8-6d42-4e30-bb6e-e3e56bcbbda8	$(req.method)	/Users	undefined
20240606	17:17:53	3873e52b-7baf-440d-b8e8-1d7034611df3	$(req.method)	/Users	undefined
20240606	17:18:04	a93f08ae-a8a8-46b3-b2b0-88607fceee70	$(req.method)	/Users	undefined
20240606	17:18:11	e75f0c15-5b00-46a2-8f9d-9b4309a1e544	$(req.method)	/Users	undefined
20240606	17:21:56	94ede643-0c0a-4454-89e6-8cac954f4a0c	$(req.method)	/Users	undefined
20240606	17:22:07	41a63a29-97b8-4917-ae30-4de39755b1d5	$(req.method)	/Users	undefined
20240606	17:22:18	fd27395c-f54e-4945-adf4-25ea6ee11140	$(req.method)	/Users	undefined
20240606	17:26:46	f538493a-1985-45f3-b1f1-684db110e060	$(req.method)	/Users	undefined
20240606	17:30:25	97163b8a-81ef-4925-845e-ed58f12d7652	$(req.method)	/Users	undefined
20240606	17:30:41	01b1a39b-2e1b-419a-8a74-6ef680a0cf2f	$(req.method)	/Users	undefined
20240606	17:30:57	6bccc394-a696-4baa-a69f-b4c9506ca695	$(req.method)	/Users	undefined
20240606	17:31:06	a99d4584-71e0-4031-b8ba-de982352414e	$(req.method)	/Users	undefined
20240606	17:31:15	84da37b3-5a4a-4aa6-80a1-9c2d00925ef6	$(req.method)	/Users	undefined
20240606	17:31:24	ebefb3be-be95-4840-a7d6-b6c049819c67	$(req.method)	/Users	undefined
20240606	17:31:53	34efd3c3-d1ac-449b-b16b-9a6186a94129	$(req.method)	/Users	undefined
20240606	17:32:13	b4ca7010-c0a0-443c-af7c-be519a1f3669	$(req.method)	/Users	undefined
20240606	17:33:11	db5371b4-e517-4cf7-bf29-2a1d88b0feac	$(req.method)	/Users	undefined
20240606	17:33:19	fcafe5b9-91d7-49ca-a99d-33836fab3b6b	$(req.method)	/Users	undefined
20240606	17:33:29	531ee50b-3101-46ee-9ece-77601be0d8d2	$(req.method)	/Users	undefined
20240606	17:33:39	c139865d-2f54-4d78-be57-c556ed02ff4b	$(req.method)	/Users	undefined
20240606	17:33:52	39a8f586-af4b-4d88-b484-866f6b5d2047	$(req.method)	/Users	undefined
20240606	17:33:59	c3c0ea7a-d9c3-4533-ae18-d281ab6f443f	$(req.method)	/Users	undefined
20240606	17:35:20	3599e311-fa05-4cc2-a55f-66d8127a32e3	$(req.method)	/Users	undefined
20240606	17:35:28	d3972e96-59b7-4782-ac79-a7d83dd50937	$(req.method)	/Users	undefined
20240606	17:35:40	65ffc62c-a96f-48e6-9c8e-de9838a57d16	$(req.method)	/Users	undefined
20240606	17:35:47	79050d3f-8c23-4da4-adf3-cf64ece310c7	$(req.method)	/Users	undefined
20240606	17:35:54	3eeeb9ad-5a03-4059-bbec-023ee696c95c	$(req.method)	/Users	undefined
20240606	17:37:27	c2ef64cc-22d6-4cb5-9153-bc011bbdcdba	$(req.method)	/Users	undefined
20240606	17:38:05	5c71c20f-748b-47ad-b38d-5fb60ea0f013	$(req.method)	/Users	undefined
20240606	17:38:15	a42a6fda-ca6e-4b76-8991-f80e85d042d9	$(req.method)	/Users	undefined
20240606	17:38:34	0e810a95-f4c9-42a8-a6e9-2ab1ebcf7a4b	$(req.method)	/Users	undefined
20240606	17:38:41	101a9fb9-1d10-4c27-94af-452e1e92281b	$(req.method)	/Users	undefined
20240606	17:40:20	8db42d84-7981-4ec7-b1f1-60922cee8f33	$(req.method)	/Users	undefined
20240606	17:40:30	77d27f40-d515-4960-a6c9-882416ef7e3d	$(req.method)	/Users	undefined
20240606	17:40:48	c9ed93d1-b974-4c32-b47b-bfe86abaaf02	$(req.method)	/Users	undefined
20240606	17:40:55	2039d9c5-82d8-4931-b8f9-2e51960c143b	$(req.method)	/Users	undefined
20240606	17:44:12	109a29b1-8da1-46ff-9501-3b32161fc486	$(req.method)	/Users	undefined
20240606	17:44:19	723b662f-e0a6-4716-8c8c-d1f747c0e0df	$(req.method)	/Users	undefined
20240606	17:44:38	caf3fcfb-009b-4396-90a8-7b238c8ad658	$(req.method)	/Users	undefined
20240606	17:44:46	e3129913-ba87-468a-b2e1-5c12a1c1d78e	$(req.method)	/Users	undefined
20240606	18:24:07	f935192e-657f-4302-800a-60bc8a08103e	$(req.method)	/Note	undefined
20240607	14:14:33	c6773fd3-c1f2-4099-89c0-c557ceca7a87	$(req.method)	/users	undefined
20240607	14:14:47	9af4ee2b-84d7-4fd8-8216-815b02ed2712	$(req.method)	/users	undefined
20240607	14:15:23	0a0e8df9-3d08-4d54-9f65-c1f1fa0147f6	$(req.method)	/users	undefined
20240607	14:15:58	a77158f3-b618-4997-b98b-bebb3ba11cbb	$(req.method)	/users	undefined
20240607	14:16:42	270105e8-a2ce-4d40-907e-d19bf2fe599e	$(req.method)	/users	undefined
20240607	14:16:54	47bc41c1-a96a-4bdf-83c9-e755d8d5a8aa	$(req.method)	/users	undefined
20240607	14:17:22	92df7a6a-b351-4f7e-91d3-47286adabd4a	$(req.method)	/users	undefined
20240607	14:17:32	9d500c3a-4f1f-4914-9be7-708cc4a602e9	$(req.method)	/users	undefined
20240607	14:17:42	2e952234-0bad-4f29-8019-1d20a0f1231b	$(req.method)	/users	undefined
20240607	14:17:51	d4369fa5-1279-4907-8780-165e6bab164c	$(req.method)	/users	undefined
20240607	14:18:00	ee888c46-d593-4214-8b73-683848c66d0f	$(req.method)	/users	undefined
20240607	14:24:02	a876288e-b420-4604-8446-acec9e0a8109	$(req.method)	/notes	undefined
20240607	14:26:09	88d5134c-f1e1-47bb-bebf-6cb7da838ad6	$(req.method)	/notes	undefined
20240607	14:27:10	d8514d66-77ec-496d-9e18-261a744b5473	$(req.method)	/notes	undefined
20240607	14:27:43	192c547d-2990-4dd2-ae61-aeef3487f739	$(req.method)	/notes	undefined
20240607	14:29:14	e1026483-7a3a-4399-8af4-e9f0657c33dc	$(req.method)	/notes	undefined
20240607	14:30:18	672d2bb0-2984-4da9-b464-d44cf347c3d8	$(req.method)	/notes	undefined
20240607	14:30:31	d6622f00-4e5e-49db-acf6-8443bfdb70dd	$(req.method)	/notes	undefined
20240607	14:32:05	40abaf9a-7e34-45f6-b703-bb17ed0fe883	$(req.method)	/notes	undefined
20240607	14:33:18	3d8cbc38-fccf-463c-9a88-32e2bc6d6568	$(req.method)	/notes	undefined
20240607	14:33:24	3e5e9633-245e-4017-a29d-d4d4020c77d4	$(req.method)	/notes	undefined
20240607	14:35:10	e6d7b770-500e-4873-b385-35f973bd462b	$(req.method)	/users	undefined
20240607	14:35:38	139d023c-86df-4c94-a5f7-275ddc3583ce	$(req.method)	/users	undefined
20240607	14:36:05	cf6642a7-7200-4863-b14f-1688fe94ec24	$(req.method)	/notes	undefined
20240607	14:36:22	03c22336-df54-4732-bb99-ec51f0c2bdab	$(req.method)	/notes	undefined
20240607	14:39:05	44f51e5b-78ca-4b81-a152-3625cad49953	$(req.method)	/notes	undefined
20240607	14:39:55	dd3a64f5-7cce-45b9-908f-c91041fa9bbd	$(req.method)	/notes	undefined
20240607	14:40:11	f01da2fb-944d-44b0-8528-f274167476d4	$(req.method)	/notes	undefined
20240607	14:40:37	c343b67e-d0c6-49b2-84f8-23dc21d1edee	$(req.method)	/notes	undefined
20240607	14:41:15	87eeed91-1a3f-44be-8d8a-377a50a62955	$(req.method)	/notes	undefined
20240607	14:41:36	dd0a9ef1-9071-4bfe-a1db-f4d9b5cef0b5	$(req.method)	/notes	undefined
20240607	14:41:43	500f684d-f2ec-407d-8417-fd088265e924	$(req.method)	/notes	undefined
20240607	14:41:50	05f1e279-19cb-47a2-acc2-58ebcc34e422	$(req.method)	/notes	undefined
20240607	14:41:58	91afa83c-25ad-43c9-9925-2797e431e046	$(req.method)	/notes	undefined
20240607	14:42:58	ea836b96-ad80-402a-8e22-ac0481881dc8	$(req.method)	/notes	undefined
20240607	14:43:30	d6888149-8e0e-4dc9-8c58-de7ebce16191	$(req.method)	/users	undefined
20240607	14:44:32	bb67e758-353b-4b63-a609-7830d6d4831d	$(req.method)	/notes	undefined
20240607	14:44:40	0ea98ad6-0f43-4496-b0b5-fb2cc030bbda	$(req.method)	/notes	undefined
20240607	14:45:07	27e7c05b-fd28-4002-a407-2dbf92746133	$(req.method)	/notes	undefined
20240607	14:47:07	1a5599b2-f202-48fc-b183-9974288d4966	$(req.method)	/notes	undefined
20240607	14:47:24	2c92e2e7-57a4-4399-8c79-83e89096770e	$(req.method)	/notes	undefined
20240607	14:47:36	80d299e5-d95c-4eda-affe-cf1c22d6b402	$(req.method)	/notes	undefined
20240607	14:47:47	83a30d02-beb6-45a4-be4a-e7cd4e18f45f	$(req.method)	/notes	undefined
20240607	14:47:57	40fef0ec-5fce-442d-86d7-d5174fedf88a	$(req.method)	/notes	undefined
20240607	15:04:02	9a9dad90-6deb-4132-ac66-bc6fd5dbd309	$(req.method)	/notes	undefined
20240607	15:04:18	5c6b5229-275e-4347-9760-f5e4a5d35bd6	$(req.method)	/notes	undefined
20240607	15:04:34	498a51cc-48e3-4c84-9b8a-09eba0562ea2	$(req.method)	/notes	undefined
20240607	15:04:45	992a5c0d-1a75-41e0-9476-340f98c77a10	$(req.method)	/notes	undefined
20240607	15:04:45	2577e159-aaee-4563-9447-8e212efb2671	$(req.method)	/users	undefined
20240607	15:05:01	0bab7f62-13cf-4140-89a8-c72d79c29b51	$(req.method)	/notes	undefined
20240607	15:05:02	d41d059d-986d-4b7e-a46b-d941d03aff76	$(req.method)	/notes	undefined
20240607	15:05:27	b7e5afad-c776-4949-87bb-1eeb797750c4	$(req.method)	/notes	undefined
20240607	15:05:27	77882d33-c1fb-457d-a1e1-73e69e90de59	$(req.method)	/notes	undefined
20240607	15:05:27	0936aba0-6be1-45ee-a2ce-008213886857	$(req.method)	/notes	undefined
20240607	15:05:37	70ca8bd3-0b8e-4ef5-8a2a-fc60f00e6f6a	$(req.method)	/notes	undefined
20240607	15:05:37	f324c0b8-766d-4d83-9f70-51d3dd36331e	$(req.method)	/notes	undefined
20240607	15:05:37	fecfb42c-5a3c-41ad-a987-d94b40a1a802	$(req.method)	/notes	undefined
20240607	15:05:57	17412cfb-0228-4c7e-ba05-6826703d12ef	$(req.method)	/notes	undefined
20240607	15:05:57	163af4c7-ad24-4adc-a554-a7365d0ce7f9	$(req.method)	/notes	undefined
20240607	15:05:57	3d187368-036d-4357-bd6b-468ecaba2ea9	$(req.method)	/notes	undefined
20240607	15:06:10	311e7fbe-26d0-4956-9afd-80088f93d5f2	$(req.method)	/notes	undefined
20240607	15:06:10	2fbc72fb-2f6b-4a23-9c6b-ae9480120e08	$(req.method)	/notes	undefined
20240607	15:06:10	f4dcbcf8-992e-4034-ae79-7efcb85d9072	$(req.method)	/notes	undefined
20240607	15:06:20	bde1006f-899e-4e9a-9fbb-200ea3108d37	$(req.method)	/notes	undefined
20240607	15:06:22	33293cbb-1770-4710-b0ab-77dbd1e15c05	$(req.method)	/notes	undefined
20240607	15:06:23	0bd0d22c-9e56-4edb-aa2a-87db842c6050	$(req.method)	/notes	undefined
20240607	15:06:28	2bfb2a7e-0110-4569-8870-c1c308e6bfb6	$(req.method)	/notes	undefined
20240607	15:06:36	ecffc311-ad35-4a20-820f-36db3148d710	$(req.method)	/notes	undefined
20240607	15:06:36	cce63fbd-492d-4264-b466-93cc15ac7bd4	$(req.method)	/notes	undefined
20240607	15:06:36	5ecfbec8-0bd8-4ee5-a646-c6d37f23a322	$(req.method)	/notes	undefined
20240607	15:06:49	6f4643ef-258f-4f7d-95b5-8d07df8e9d24	$(req.method)	/notes	undefined
20240607	15:06:49	3bb4ecd8-c942-4423-a1ac-8b1c3f2e54ca	$(req.method)	/users	undefined
20240607	15:06:51	f7e24fa9-48ed-4629-8adb-dcb2da00c992	$(req.method)	/notes	undefined
20240607	15:06:51	a6a930d3-50e4-41e3-8520-321f6e74526a	$(req.method)	/users	undefined
20240607	15:06:56	6e6787d8-97cc-4982-b72c-540af2632923	$(req.method)	/notes	undefined
20240607	15:06:56	55cf8c93-4f03-45f0-82aa-504635aabded	$(req.method)	/users	undefined
20240607	15:07:38	33c42f0a-863b-47b6-a8a3-14851a8a1cdc	$(req.method)	/users	undefined
20240607	15:07:45	d3164acb-942c-4db8-97bf-dcd2f598e968	$(req.method)	/users	undefined
20240607	15:07:45	ec82f0c2-47bb-4f2f-a0ff-a9d5d4c74954	$(req.method)	/users	undefined
20240607	15:07:45	665669a5-2d13-4b22-80f6-ba710ed63ee4	$(req.method)	/users	undefined
20240607	15:07:55	bbbb0487-2ff5-4054-80bf-a870e917c97e	$(req.method)	/users	undefined
20240607	15:07:55	82f4be4a-e1e9-45e6-babd-a215693ac717	$(req.method)	/users	undefined
20240607	15:07:55	f05dc8d9-9039-41ea-8203-0bcc2cbb7788	$(req.method)	/users	undefined
20240607	15:08:06	c81da8a3-6090-4eff-b4f2-fabfdf3b10f8	$(req.method)	/users	undefined
20240607	15:08:06	93f03e0f-ed83-4b07-8d71-c2e8cd85fd62	$(req.method)	/users	undefined
20240607	15:08:06	8e7c09d6-3c66-4c71-af78-dbf3750aef8f	$(req.method)	/users	undefined
20240607	15:08:15	98dd1f5a-f2a7-472a-9e82-1f957183b489	$(req.method)	/users	undefined
20240607	15:08:17	c725c48d-058f-415b-971f-c227ede19451	$(req.method)	/users	undefined
20240607	15:08:19	bbbba34c-3f0c-4664-829f-cc174d23a7d1	$(req.method)	/users	undefined
20240607	15:08:21	aeee71c8-ecfa-4788-bbf8-3483cb420fa6	$(req.method)	/users	undefined
20240607	15:08:41	03d70ffd-12bd-4a02-aba0-0bcf10fc4251	$(req.method)	/users	undefined
20240607	15:08:41	d33f53b1-398c-44c1-8ece-3e01ee436792	$(req.method)	/users	undefined
20240607	15:08:41	34a23696-6aed-4c46-915b-1a25a28cc1c8	$(req.method)	/users	undefined
20240607	15:08:45	43041b9d-7bbd-4e32-82b1-663b72956057	$(req.method)	/users	undefined
20240607	15:08:51	255d747e-b355-4ad0-8b67-13f31da632bd	$(req.method)	/users	undefined
20240607	15:08:51	d9c306ef-0467-46d7-9dd2-7c6e6b06324e	$(req.method)	/users	undefined
20240607	15:08:51	abc6a89c-46c4-45a1-a9ba-155ea6a435f9	$(req.method)	/users	undefined
20240607	15:09:52	073fd0f1-957d-4fd6-9131-eddda2bcf9c3	$(req.method)	/users	undefined
20240607	15:10:53	5a08e116-b3c7-45db-bf17-1d9c63345629	$(req.method)	/users	undefined
20240607	15:11:54	70dd08bb-7f7c-453e-8088-bf1bb7fb9af7	$(req.method)	/users	undefined
20240607	15:12:55	e1526336-abed-4f93-97bc-26181d11eb70	$(req.method)	/users	undefined
20240607	15:13:56	6e82d903-c7eb-4ad6-aa8e-84cca36a5da7	$(req.method)	/users	undefined
20240607	15:14:41	b78a3144-ac20-41f0-8213-80b747b6ae3d	$(req.method)	/users	undefined
20240607	15:14:46	c31b43aa-6d63-4056-bf8d-cb942f05e8d9	$(req.method)	/users	undefined
20240607	15:14:47	5c73fb96-6c2e-4ec3-bacd-83d4a10b17b3	$(req.method)	/notes	undefined
20240607	15:14:47	3d0727a8-290e-4102-bd7d-1c5eaaf052a0	$(req.method)	/users	undefined
20240607	15:16:04	6c2d8e12-e803-4e7f-8afe-e64537e3f7e1	$(req.method)	/notes	undefined
20240607	15:16:04	9cf5b3b4-89b0-42b5-9fc0-e3b48dd9f595	$(req.method)	/users	undefined
20240607	15:16:07	855ad06d-b178-42ed-8364-54d5896832e9	$(req.method)	/notes	undefined
20240607	15:16:21	93f34c38-f678-4e0d-979b-270b1aeeaa15	$(req.method)	/notes	undefined
20240607	15:16:21	2418d97b-0759-470f-a4ce-f4dc96da6ed8	$(req.method)	/users	undefined
20240607	15:16:24	98dae5c1-0b2d-41bd-9b3d-ffc86e9ff095	$(req.method)	/notes	undefined
20240607	15:16:32	d465fc85-c9ba-41f1-b7b1-ea9b212bae8f	$(req.method)	/notes	undefined
20240607	15:16:32	bbe5ee8e-f9d9-4fcf-b208-36960557d154	$(req.method)	/notes	undefined
20240607	15:16:32	63568136-23c0-4963-87c7-dcb25dc140b1	$(req.method)	/notes	undefined
20240607	15:16:39	c5ad1493-538d-4185-b4fe-4b114c08e35d	$(req.method)	/notes	undefined
20240607	15:16:39	36f9ce45-5c6c-45d4-9c61-e2eb1d1a2af4	$(req.method)	/notes	undefined
20240607	15:16:39	a7e7a916-bdac-43d4-910b-d49584570d24	$(req.method)	/notes	undefined
20240607	15:16:47	4d85fbc3-fd40-4259-a584-f829721455e2	$(req.method)	/notes	undefined
20240607	15:16:47	d4e582a4-a05b-4688-b573-c997ca44eb03	$(req.method)	/users	undefined
20240607	15:16:47	ce5ba2b6-66cb-4fd0-835d-2689a2449755	$(req.method)	/notes	undefined
20240607	15:16:57	01c45da3-f0ac-4a3b-bcc4-48f2a0c93e6f	$(req.method)	/users	undefined
20240607	15:16:57	a4383314-3543-4d18-b30b-7ee5733e8b45	$(req.method)	/users	undefined
20240607	15:16:57	321c009b-ba3e-4934-8364-3552d60079f9	$(req.method)	/users	undefined
20240607	15:17:12	af5f98ee-4a71-42b9-94cd-5f586da15941	$(req.method)	/users	undefined
20240607	15:17:12	322f422a-88c4-4fbe-a51c-3130a94448ae	$(req.method)	/users	undefined
20240607	15:17:12	436677a2-d6bf-44f5-9680-6e77d514c377	$(req.method)	/users	undefined
20240607	15:17:22	0c98313d-770a-4f25-9d50-90f9b5e4c91e	$(req.method)	/users	undefined
20240607	15:17:22	b3ced159-16ab-4c97-87c5-886df790f736	$(req.method)	/users	undefined
20240607	15:17:22	5454dba7-8768-48b9-84bf-4b8aa115d82c	$(req.method)	/users	undefined
20240607	15:18:23	24586a48-b51a-4e85-9287-267a0841a759	$(req.method)	/users	undefined
20240607	15:19:24	3ae12d1b-abe8-44ee-974f-c35d868cd237	$(req.method)	/users	undefined
20240607	15:20:25	769ec9f5-e7da-41cb-9aea-1c1efa5c0acd	$(req.method)	/users	undefined
20240607	15:21:26	44777df7-457a-4938-96cd-bd5505948d0d	$(req.method)	/users	undefined
20240607	15:21:30	0a6573c9-f8c3-41f6-b5f7-c6b52eca6a5f	$(req.method)	/users	undefined
20240607	15:21:37	c6fb1bf0-0928-4e4c-a51d-947033907f81	$(req.method)	/users	undefined
20240607	15:21:38	37b2fcbb-8eaa-4507-ac11-cfe71820045b	$(req.method)	/users	undefined
20240607	15:21:38	4386adc9-b4cb-4e2a-8df5-2cb000c8e7e6	$(req.method)	/notes	undefined
20240607	15:21:42	86b6604f-8f35-444f-9d38-f05694d8cfa9	$(req.method)	/notes	undefined
20240607	15:21:42	a246cad5-1b57-48df-84f6-daa1889ce0cf	$(req.method)	/users	undefined
20240607	15:30:14	94887300-687f-49ac-9150-a76a877a8533	$(req.method)	/users	undefined
20240607	15:30:14	752c5dfe-19b5-4c53-a946-c87bf668bbd0	$(req.method)	/notes	undefined
20240607	15:30:30	c1c40f27-d93c-42cf-a434-06e4c0498717	$(req.method)	/users	undefined
20240607	15:30:30	d3244709-7332-4203-abda-bddbee98554d	$(req.method)	/users	undefined
20240607	15:30:30	92d17a36-7b8c-446c-b729-b04435456733	$(req.method)	/users	undefined
20240607	15:30:33	a6b02a52-b610-4445-bcdf-679d800f6bbb	$(req.method)	/users	undefined
20240607	15:30:43	c4137c92-c116-420f-90ca-005415a9f4d4	$(req.method)	/notes	undefined
20240607	15:30:43	4b4e6e71-f15e-413b-995f-08edd2e73005	$(req.method)	/users	undefined
20240607	15:30:45	7d8a9949-8878-4e76-917a-ced3c2c76c98	$(req.method)	/users	undefined
20240607	15:30:50	be2f1075-18e1-4198-a3b7-dea695969121	$(req.method)	/notes	undefined
20240607	15:30:50	b55d0098-5a43-4bcf-8b93-48fd640b61aa	$(req.method)	/users	undefined
20240607	15:30:53	83632a48-0a1e-4b00-86e8-1103512bc1cb	$(req.method)	/users	undefined
20240607	15:30:53	90efca03-01dc-42ae-9c7f-1a1e095bc867	$(req.method)	/users	undefined
20240607	15:30:53	3ba67ed4-2a7e-4221-8a5f-5da3951fb4fa	$(req.method)	/notes	undefined
20240607	15:31:15	0bc81af4-48cf-409b-a04d-5c7498399fde	$(req.method)	/notes	undefined
20240607	15:31:15	352bbf98-fca9-49d9-9b07-2a0670ef5530	$(req.method)	/notes	undefined
20240607	15:31:15	815289df-e3d3-420c-b355-d0cdc5907ec3	$(req.method)	/notes	undefined
20240607	15:31:18	32406744-014a-4e9b-a166-af0d9c821ef2	$(req.method)	/notes	undefined
20240607	15:31:18	565db83b-7551-4301-8d97-f32befbd0494	$(req.method)	/notes	undefined
20240607	15:31:33	df0171bc-0645-410d-a069-3683f1442998	$(req.method)	/notes	undefined
20240607	15:31:48	76d85edf-88dd-41a6-a351-25653a85532a	$(req.method)	/notes	undefined
20240607	15:31:54	ad27dc50-983e-4c87-9fc7-986cd94b30f9	$(req.method)	/notes	undefined
20240607	15:32:11	f8d8e46e-230f-4bc8-b9f4-a43f7c042238	$(req.method)	/notes	undefined
20240607	15:32:26	794f65f6-19a5-4ef1-90b6-69bdff465301	$(req.method)	/notes	undefined
20240607	15:32:42	1ff94f86-ed93-4990-9499-e97ded088305	$(req.method)	/notes	undefined
20240607	15:32:58	b7147ae3-f1ea-49ca-b1ae-0edeb61c387c	$(req.method)	/notes	undefined
20240607	15:33:14	f7ab72bd-b29d-435f-82f0-37370b313644	$(req.method)	/notes	undefined
20240607	15:33:30	49ef7e7e-9601-4622-ac21-fd426cacc6b6	$(req.method)	/notes	undefined
20240607	15:33:46	74068bb1-a20c-488f-80a1-33369c62e50f	$(req.method)	/notes	undefined
20240607	15:34:02	11516ff4-e114-4e17-9967-4b9a3781452a	$(req.method)	/notes	undefined
20240607	15:34:18	869750c7-5179-447c-8005-82a89d586d9a	$(req.method)	/notes	undefined
20240607	15:34:34	10f619f4-e59d-495c-96ec-c405188b57c5	$(req.method)	/notes	undefined
20240607	15:34:50	c963434a-2760-47be-ab0e-cb9fdeb5279b	$(req.method)	/notes	undefined
20240607	15:35:06	906e2f49-3312-4064-b472-e2620e61d6b3	$(req.method)	/notes	undefined
20240607	15:35:22	2b329d25-0385-4482-903f-652d12030d17	$(req.method)	/notes	undefined
20240607	15:35:38	f315ee9b-16d8-44dd-ae80-f523e7ce93d4	$(req.method)	/notes	undefined
20240607	15:35:54	8b274b1c-6fa8-4803-9e22-a1bcae7523a5	$(req.method)	/notes	undefined
20240607	15:36:10	65e3517a-78b5-4a1b-b783-c7744e67f3c0	$(req.method)	/notes	undefined
20240607	15:36:26	51461b05-a076-494b-8668-e606ef987d4f	$(req.method)	/notes	undefined
20240607	15:36:42	d29da337-f6d2-47a3-b09d-632c84b74ba2	$(req.method)	/notes	undefined
20240607	15:36:58	af3b516c-5190-40a3-b396-1057df1123e3	$(req.method)	/notes	undefined
20240607	15:37:14	6bd56f99-83ed-424e-9f0f-795aade68778	$(req.method)	/notes	undefined
20240607	15:37:30	f64c9765-51d1-4ca4-aa03-41ce1d60b5a8	$(req.method)	/notes	undefined
20240607	15:37:46	7347aaf7-6759-4d05-9519-217e520802a2	$(req.method)	/notes	undefined
20240607	15:38:02	ad8a2016-f36b-470e-84d6-0f3051c59fc0	$(req.method)	/notes	undefined
20240607	15:38:18	f3f965cf-a360-45d2-8915-048d259fc7c2	$(req.method)	/notes	undefined
20240607	15:38:34	3da03e4d-5028-4636-a4f0-c3ad6eb56d01	$(req.method)	/notes	undefined
20240607	15:38:50	b609f220-79cf-48a0-b4e1-9174c27c7ae3	$(req.method)	/notes	undefined
20240607	15:39:06	1b5c51d9-5672-48ee-85bd-2392cbb75804	$(req.method)	/notes	undefined
20240607	15:39:22	a5ee432d-9897-4a8f-aeb5-59f5d3a6c7bc	$(req.method)	/notes	undefined
20240607	15:39:38	a7d19c3b-afc5-42be-97ff-bf1dbaf18243	$(req.method)	/notes	undefined
20240607	15:39:54	01f9393e-70fe-4252-a9da-254f30876738	$(req.method)	/notes	undefined
20240607	15:40:10	063d6e17-a07f-466f-9be9-63ed908c85bf	$(req.method)	/notes	undefined
20240607	15:40:26	fd22ba63-69b3-4cd1-9a2b-c521d2ce34a5	$(req.method)	/notes	undefined
20240607	15:40:42	b9514e4a-e9a9-498d-b474-12eb9b654fc6	$(req.method)	/notes	undefined
20240607	15:40:58	d01ec881-904b-4e92-af8c-63f4429482d1	$(req.method)	/notes	undefined
20240607	15:41:14	58853418-71ba-4be4-97d4-e3193d1e8852	$(req.method)	/notes	undefined
20240607	15:41:30	2fffc031-00fe-40d0-a440-e22bb5e3b30c	$(req.method)	/notes	undefined
20240607	15:41:46	3010b89f-f141-48e4-a4dd-166a336bb2ab	$(req.method)	/notes	undefined
20240607	15:42:02	ca3315f3-405a-4df2-8f34-e93b866f6bbe	$(req.method)	/notes	undefined
20240607	15:42:18	6c49d7e1-8066-4d12-ba7d-ffaca50ee137	$(req.method)	/notes	undefined
20240607	15:42:34	d7e2e2fb-905c-446d-a275-803ccebbbe9a	$(req.method)	/notes	undefined
20240607	15:43:11	b52691d3-4026-4fcb-a0b8-6c8338a88892	$(req.method)	/notes	undefined
20240607	15:43:57	c1c8009d-6c3f-4b84-9082-e9348d280d3e	$(req.method)	/notes	undefined
20240607	15:44:43	fdd1a425-4360-4a4b-8c52-ba67f07da247	$(req.method)	/notes	undefined
20240607	15:45:29	3ea4aefd-f7db-476f-b1cc-ccbcbe856daf	$(req.method)	/notes	undefined
20240607	15:46:17	10a2a2c4-88ee-44e6-a044-82bfa884250e	$(req.method)	/notes	undefined
20240607	15:46:35	9b088821-6036-462e-bdc0-3d0d7d6e1680	$(req.method)	/notes	undefined
20240607	15:46:51	ca44bc39-e513-4d20-bfb4-8c0684039280	$(req.method)	/notes	undefined
20240607	15:47:07	2ed032f6-0a9b-4f38-8b58-7101a78635db	$(req.method)	/notes	undefined
20240607	15:47:23	35572178-7e66-464f-ad35-ee7c8da04253	$(req.method)	/notes	undefined
20240607	15:47:39	7e98153a-c6a5-4db0-9788-434fa64c8859	$(req.method)	/notes	undefined
20240607	15:47:55	8e46b038-7dac-4ec2-a8c3-3a33d5e47b4b	$(req.method)	/notes	undefined
20240607	15:48:11	d7c42e02-1994-44eb-8825-da63a77439f7	$(req.method)	/notes	undefined
20240607	15:48:27	a97e7278-f886-4868-bcb7-9b6b3afe46cf	$(req.method)	/notes	undefined
20240607	15:48:34	5d6b32e0-01f9-4176-8627-026b6eb64f89	$(req.method)	/notes	undefined
20240607	15:48:50	14b5e130-829a-4587-bd61-b735f6d0553d	$(req.method)	/notes	undefined
20240607	15:49:06	214a2e54-4b80-4d2e-9fe4-671efd9c0967	$(req.method)	/notes	undefined
20240607	15:49:22	ed487d7b-2e38-47ba-bf4c-c77f3d72eb9c	$(req.method)	/notes	undefined
20240607	15:49:38	c8dd2492-535e-4f14-a347-b66ee76ea547	$(req.method)	/notes	undefined
20240607	15:49:54	df866f45-cdab-422d-aa0b-e321e86c8ba7	$(req.method)	/notes	undefined
20240607	15:50:10	3f22b40f-f5a7-4572-a057-63efcbea71d0	$(req.method)	/notes	undefined
20240607	15:50:26	0e4417e4-f021-413e-a4f0-d34801904ba5	$(req.method)	/notes	undefined
20240607	15:50:42	a621d7b7-56bf-45e6-a4f7-cff94d518bef	$(req.method)	/notes	undefined
20240607	15:50:58	c0e57324-2d08-46e2-99a8-e7d27a12ac6d	$(req.method)	/notes	undefined
20240607	15:51:14	92aad181-43d3-47da-ad06-facb5b7dc7ae	$(req.method)	/notes	undefined
20240607	15:51:30	37415be2-fc21-4b05-a69b-a8e56c1a588b	$(req.method)	/notes	undefined
20240607	15:51:46	528267a6-16f8-4926-9ba6-b1a361951ac9	$(req.method)	/notes	undefined
20240607	15:52:02	b5aa225c-e772-45df-a34f-6bbc0de95ef1	$(req.method)	/notes	undefined
20240607	15:52:18	c834e386-776f-4348-9f9d-bbad043eb892	$(req.method)	/notes	undefined
20240607	15:52:34	1c2278f2-8d21-408d-a68b-68abdf18fedf	$(req.method)	/notes	undefined
20240607	15:52:50	ab09a748-dbd7-4c7e-b173-61e1813ceadb	$(req.method)	/notes	undefined
20240607	15:53:06	e95daab4-2741-457a-8b03-cfa485e43812	$(req.method)	/notes	undefined
20240607	15:53:22	3ddcb3d1-11c2-419e-9764-be3bf4822c8b	$(req.method)	/notes	undefined
20240607	15:53:38	9b4ebc70-bb86-424e-accb-0fa32260f679	$(req.method)	/notes	undefined
20240607	15:53:54	5411bb7d-12d6-4546-80aa-9524bec0c494	$(req.method)	/notes	undefined
20240607	15:54:10	21136e67-050b-4056-b7c4-af28cfa666e2	$(req.method)	/notes	undefined
20240607	15:54:26	923f1e2c-4d4b-4e91-9e2e-f4b3f0c7d70d	$(req.method)	/notes	undefined
20240607	15:54:42	fc4fa93d-52b7-424d-a1ab-6b04896cb93c	$(req.method)	/notes	undefined
20240607	15:54:58	82420ac3-e6db-44df-9382-ebb81ba33c04	$(req.method)	/notes	undefined
20240607	15:55:14	0076f675-4688-4a28-85cb-8bfa0689815f	$(req.method)	/notes	undefined
20240607	15:55:30	243016f1-5660-4147-b867-3a2e39941fe1	$(req.method)	/notes	undefined
20240607	15:55:46	1f521097-1523-4407-ac75-62a30c79ec2f	$(req.method)	/notes	undefined
20240607	15:56:02	cfd56faa-68b3-4808-94b5-a367f0bcf2bd	$(req.method)	/notes	undefined
20240607	15:56:18	86d25f55-97a5-49a2-b0d7-27a672fddd23	$(req.method)	/notes	undefined
20240607	15:56:34	1149ff2b-32de-4238-93b2-b29c67bd5524	$(req.method)	/notes	undefined
20240607	15:56:50	eb24606f-be63-4c92-adb7-60015251a4aa	$(req.method)	/notes	undefined
20240607	15:57:06	99260bcb-f7f8-4926-a4c6-7a8c0c7e9338	$(req.method)	/notes	undefined
20240607	15:57:22	e2dfad2e-5c08-4f96-87a4-d4c6d40cb98c	$(req.method)	/notes	undefined
20240607	15:57:38	21fdc3bf-859d-44f2-a8f7-74ed62d874c4	$(req.method)	/notes	undefined
20240607	15:57:54	e3198355-1e1b-48a2-8f5c-ce0e40963a7d	$(req.method)	/notes	undefined
20240607	15:58:10	573cec21-06f7-4fa4-a54a-c7c7d50165b2	$(req.method)	/notes	undefined
20240607	15:58:26	49852350-e176-4dd3-ac7d-d4e14f569cb6	$(req.method)	/notes	undefined
20240607	15:58:42	ed80bdaf-4bbb-4f19-90f7-0d689848c960	$(req.method)	/notes	undefined
20240607	15:58:58	8cd68891-52e5-43af-81a3-4d49b4f5b258	$(req.method)	/notes	undefined
20240607	15:59:14	f27bb532-2bc1-45f9-8144-227aa13707c6	$(req.method)	/notes	undefined
20240607	15:59:30	ffe9df8c-50af-487c-a0c3-6fedf3a4e8ca	$(req.method)	/notes	undefined
20240607	15:59:46	00b4715f-ede0-4411-afb7-9dc2c0fb6fdb	$(req.method)	/notes	undefined
20240607	16:00:02	919cd082-9e5a-467e-aa29-4ee8fb6c80d5	$(req.method)	/notes	undefined
20240607	16:00:18	6b228323-2005-4dd4-8826-b832ca562db9	$(req.method)	/notes	undefined
20240607	16:00:34	40e41f6a-d0fa-49ab-81ed-e05b949e9595	$(req.method)	/notes	undefined
20240607	16:00:50	c40108ae-9f7b-4f1a-afb4-32e9c7e4465e	$(req.method)	/notes	undefined
20240607	16:01:06	5675472f-6697-416b-a32e-24174a4990ba	$(req.method)	/notes	undefined
20240607	16:01:22	83ba48a2-94e8-42a7-a337-48b0f8d1702c	$(req.method)	/notes	undefined
20240607	16:01:38	b8b54ca5-0332-4da9-b59e-ea91e5c01ddb	$(req.method)	/notes	undefined
20240607	16:01:54	33e34312-5d22-408b-96d9-03ff3065c9f2	$(req.method)	/notes	undefined
20240607	16:02:10	66062258-f2e1-4c3c-a537-90b85833ad0e	$(req.method)	/notes	undefined
20240607	16:02:26	5d3cf071-94f4-4f1b-907a-c0721cc39dc4	$(req.method)	/notes	undefined
20240607	16:02:42	0fefc29c-3459-452f-a1c3-64827560f817	$(req.method)	/notes	undefined
20240607	16:02:58	d35c750b-550a-4f7c-8a1b-c70a2656c3b8	$(req.method)	/notes	undefined
20240607	16:03:14	d28f7eaa-84d3-404a-b5da-4421a088b489	$(req.method)	/notes	undefined
20240607	16:03:30	6db29d3b-446b-4855-8d47-456c29881007	$(req.method)	/notes	undefined
20240607	16:03:46	92b9dc17-1eda-4819-b8ce-4cf42e2b7696	$(req.method)	/notes	undefined
20240607	16:04:02	622815b9-64f3-4b81-8648-5a102d84d81a	$(req.method)	/notes	undefined
20240607	16:04:18	8710477d-7e2a-48a4-b4b9-d039236c6fdd	$(req.method)	/notes	undefined
20240607	16:04:34	c747d4a5-dbc0-47c7-81f7-740a72019156	$(req.method)	/notes	undefined
20240607	16:04:50	69e18b9e-be4c-4de1-8b90-4c6b622d1859	$(req.method)	/notes	undefined
20240607	16:05:06	8032d173-0525-4c47-9eda-b40345e0fc04	$(req.method)	/notes	undefined
20240607	16:05:22	c421fdde-df6f-4f54-b02b-6942012caaa4	$(req.method)	/notes	undefined
20240607	16:05:38	1c54b957-0ec8-4c5e-aff1-ccf0bacba5d8	$(req.method)	/notes	undefined
20240607	16:05:54	04a2e7b0-a030-41a0-8b9b-f868f292636f	$(req.method)	/notes	undefined
20240607	16:33:31	c2158fcd-a46f-4070-ab1d-950af020c3b5	$(req.method)	/notes	undefined
20240607	16:33:47	4bfc87ed-be7b-4718-b8d7-29fe0a7dc0de	$(req.method)	/notes	undefined
20240607	16:34:03	2c25e34e-fc41-4251-b66a-952c7064a84e	$(req.method)	/notes	undefined
20240607	16:34:19	36ead7b4-6b99-4d58-8423-165daf8bc419	$(req.method)	/notes	undefined
20240607	16:34:35	c8619a53-43fd-492f-bdf7-137c44e02a97	$(req.method)	/notes	undefined
20240607	16:34:51	349447cf-ab5a-4f80-bd17-5ba46749f33f	$(req.method)	/notes	undefined
20240607	16:35:07	c1fd9ba8-1ff6-4422-ab98-ce2bc677ec5b	$(req.method)	/notes	undefined
20240607	16:35:23	56dc6ab6-e171-499a-93a5-da86c091be46	$(req.method)	/notes	undefined
20240607	16:35:39	64e0361d-2852-4e09-bdb7-0e8e7ec60a31	$(req.method)	/notes	undefined
20240607	16:35:55	d1e44663-c444-4e91-b6b0-dfa5e0c5cacb	$(req.method)	/notes	undefined
20240607	16:36:11	18cbbb93-797b-4ca6-9742-763f1f9bffa6	$(req.method)	/notes	undefined
20240607	16:36:27	2d3dc5a5-ec42-4665-90e3-41f290c6410b	$(req.method)	/notes	undefined
20240607	16:36:43	2a856ffc-162c-4491-a8b7-06d50dd7907b	$(req.method)	/notes	undefined
20240607	16:36:59	6428c58f-cd76-47d1-b16f-03d8b05bb49e	$(req.method)	/notes	undefined
20240607	16:37:15	413697f9-b2cf-4499-8d82-045389dc501d	$(req.method)	/notes	undefined
20240607	16:37:31	f905453c-9b52-455d-9063-c55c5534c772	$(req.method)	/notes	undefined
20240607	16:37:47	a8733204-ee68-43ab-aa1b-17e2f24538ed	$(req.method)	/notes	undefined
20240607	16:38:03	10bdd652-61dd-4173-9fbc-a69b4a709fa4	$(req.method)	/notes	undefined
20240607	16:38:19	f824b1f0-bb94-4d26-ac17-2dbb54adc91b	$(req.method)	/notes	undefined
20240607	16:38:36	809831dd-c743-4855-a797-253a3dbe2b43	$(req.method)	/notes	undefined
20240607	16:38:52	ec36319d-6ec0-4519-bf3b-a6dfcff2f23e	$(req.method)	/notes	undefined
20240607	16:39:08	6b4a10c4-fa03-43b1-9a80-8c0c5b63349b	$(req.method)	/notes	undefined
20240607	16:39:24	b8f74c73-3f09-4a83-bb9e-3edfb82de826	$(req.method)	/notes	undefined
20240607	16:39:40	fbef1e20-718d-4743-9aff-571210b2896f	$(req.method)	/notes	undefined
20240607	16:39:56	95f25704-f68d-47ea-a3c9-d7ac91e43929	$(req.method)	/notes	undefined
20240607	16:42:16	81a670b0-c4ba-4804-bf78-d11329ab7039	$(req.method)	/notes	undefined
20240607	16:42:32	d70c4acd-1680-45d4-a728-e608f164f88e	$(req.method)	/notes	undefined
20240607	16:42:48	92410f88-1e1b-4a19-bfc8-aec1fc21b353	$(req.method)	/notes	undefined
20240607	16:43:04	fa1a1a6a-6c09-4bdb-bb23-103c0a1a6da0	$(req.method)	/notes	undefined
20240607	16:43:20	0f958ef3-0406-42f6-bcec-eccd8fd46bb2	$(req.method)	/notes	undefined
20240607	16:43:36	c426db07-559c-4112-bee0-cc1246b03741	$(req.method)	/notes	undefined
20240607	16:43:52	a1ee1b29-5bdc-4f39-83fd-b9845bab31da	$(req.method)	/notes	undefined
20240607	16:44:08	c33b3774-8cd4-4656-91e6-cab62a31d349	$(req.method)	/notes	undefined
20240607	16:44:24	34942dfc-dc9e-4e80-a66f-60a971d816f1	$(req.method)	/notes	undefined
20240607	16:44:40	d0c2c594-fc91-4e96-a340-c14c73d01c61	$(req.method)	/notes	undefined
20240607	16:44:56	807c1f9c-342e-4d0a-9f46-7178e67e271b	$(req.method)	/notes	undefined
20240607	16:45:12	8846cd4f-9e09-463b-98de-34a155b22d6f	$(req.method)	/notes	undefined
20240607	16:45:28	70e2e282-aae6-46cb-a5a3-8ee3ee2e6b3f	$(req.method)	/notes	undefined
20240607	16:45:44	853ad1cd-22f7-42b6-9959-6475896d52c1	$(req.method)	/notes	undefined
20240607	16:46:00	e2764c67-2843-4963-85e2-bfe885cebba6	$(req.method)	/notes	undefined
20240607	16:46:16	b6510ee7-c57b-4251-907f-d9ad02e200cc	$(req.method)	/notes	undefined
20240607	16:46:32	d29c7d02-ab14-4045-b9c6-86620c7b5683	$(req.method)	/notes	undefined
20240607	16:46:48	4a49fb58-f69c-4ea9-acdf-7a6e45829a06	$(req.method)	/notes	undefined
20240607	16:47:04	9af9b818-1e9f-4565-b03e-b8ec7f733f9f	$(req.method)	/notes	undefined
20240607	16:47:20	f97f65e1-427e-49c6-82f8-1ba799622a89	$(req.method)	/notes	undefined
20240607	16:47:36	f3493b72-6790-4af6-aaa8-66f6eaad53f8	$(req.method)	/notes	undefined
20240607	16:47:52	3ae69c35-e2b4-42a8-a5f5-c5cb0827fba9	$(req.method)	/notes	undefined
20240607	16:48:08	d26a7960-c3da-489a-9c98-1fd0b1208156	$(req.method)	/notes	undefined
20240607	16:48:24	69638e60-7852-46af-bb58-abe8dc4c9a4d	$(req.method)	/notes	undefined
20240607	16:48:40	1e7aeeda-88c2-4f1d-ae22-6f0648007f6f	$(req.method)	/notes	undefined
20240607	16:48:56	37c23630-052c-4317-9ffe-65392abc0dc4	$(req.method)	/notes	undefined
20240607	16:49:12	0f3be431-b280-4d54-9318-03341acf1b53	$(req.method)	/notes	undefined
20240607	16:49:28	a99f0b8c-04c8-43ce-9632-fe11b93cfd25	$(req.method)	/notes	undefined
20240607	16:49:44	beb60ede-d52b-455e-a401-142e01e2d153	$(req.method)	/notes	undefined
20240607	16:50:00	f6e926e4-6b4e-47d1-bd43-87e392e6ab45	$(req.method)	/notes	undefined
20240607	16:50:16	c59be416-9951-43c7-962b-3b72a6bde6bc	$(req.method)	/notes	undefined
20240607	16:50:32	f5652b2c-6739-4c17-80bb-1d86f639fd5e	$(req.method)	/notes	undefined
20240607	16:50:48	589e6e0d-556f-454a-8dfd-484c5c468707	$(req.method)	/notes	undefined
20240607	16:51:04	0fc81799-4cc4-4b0b-b601-4d63b35d01fd	$(req.method)	/notes	undefined
20240607	16:51:20	5d28d098-b37d-4dd1-bf79-f70287fa55df	$(req.method)	/notes	undefined
20240607	16:51:36	cff8a6d7-12d6-412e-b882-80a066002b5c	$(req.method)	/notes	undefined
20240607	16:51:52	29c85b88-1e0f-4f02-b5cf-f4d64b68b36b	$(req.method)	/notes	undefined
20240607	16:52:08	3117f9ab-a873-40cf-b5df-da71e44f1f3e	$(req.method)	/notes	undefined
20240607	16:52:24	cd174c4e-63ea-4945-a5e6-21a24fe1b045	$(req.method)	/notes	undefined
20240607	16:52:40	a7b6b372-de83-4d03-aa2e-bfb1c409d4f9	$(req.method)	/notes	undefined
20240607	16:52:56	36c4a492-e962-4dfd-a909-652eaa26d960	$(req.method)	/notes	undefined
20240607	16:53:12	1f2b31cf-2a36-4a34-827f-3c151c312b78	$(req.method)	/notes	undefined
20240607	16:53:28	4e97a23c-996a-4926-8961-e48d0c12a8f3	$(req.method)	/notes	undefined
20240607	16:53:44	447f6680-acb7-4684-b507-cc427f7d1789	$(req.method)	/notes	undefined
20240607	16:54:00	f0b24d23-128c-4459-a41c-e1d0e4ab8914	$(req.method)	/notes	undefined
20240607	16:54:16	3660be6a-c8e8-4943-b302-19a9bc85ad78	$(req.method)	/notes	undefined
20240607	16:54:32	70c75850-cc55-4533-a6cb-475d2281182b	$(req.method)	/notes	undefined
20240607	16:54:48	62d03b72-ea6c-4085-951b-1ee1b322e9bb	$(req.method)	/notes	undefined
20240607	16:55:04	de17992d-aca3-428c-a9eb-8b89968c5c9f	$(req.method)	/notes	undefined
20240607	16:55:20	77c1df2c-2c3e-4360-9482-328a76c86e56	$(req.method)	/notes	undefined
20240607	16:55:36	f183f523-5a6e-4d91-bd98-941befdb5396	$(req.method)	/notes	undefined
20240607	16:55:52	253eb8f1-a0bd-4b1b-b1a0-25b59a0b57af	$(req.method)	/notes	undefined
20240607	16:56:15	da4d1232-3b07-4eb4-840d-487eb5981ed7	$(req.method)	/notes	undefined
20240607	16:56:31	7df9e798-deeb-467a-a154-4dd557ff620d	$(req.method)	/notes	undefined
20240607	16:56:48	c18326a5-6a04-4f88-9bf2-982e2e4a61b3	$(req.method)	/notes	undefined
20240607	16:57:04	8235880f-a908-4db1-8755-7f330f4fbe4b	$(req.method)	/notes	undefined
20240607	16:57:20	444d261c-195e-4a6b-a1f3-ddf36042f9c1	$(req.method)	/notes	undefined
20240607	16:57:36	abbc17b1-cf50-45e3-be63-9f2c91aa3364	$(req.method)	/notes	undefined
20240607	16:57:52	da83cf5e-ea99-48a8-a7e4-4dd9df793200	$(req.method)	/notes	undefined
20240607	16:58:08	ba1b265b-2e02-4d25-acf5-897380a0e456	$(req.method)	/notes	undefined
20240607	16:58:24	319bf9f6-bcb2-4ea8-a939-3f2f1234c754	$(req.method)	/notes	undefined
20240607	16:58:40	4743043c-a11a-45f9-a89f-4c584326e8eb	$(req.method)	/notes	undefined
20240607	16:58:56	90631898-8b7f-4368-b66f-b6de9f611ab3	$(req.method)	/notes	undefined
20240607	16:59:12	d3e45ef2-f490-4481-ac5c-7ca1587f8a09	$(req.method)	/notes	undefined
20240607	16:59:28	37859289-2a5e-4808-a22b-0f528d3ebd57	$(req.method)	/notes	undefined
20240607	16:59:44	8085cdcb-76fa-4511-a26b-f7ca5b2602ba	$(req.method)	/notes	undefined
20240607	17:00:00	9bfe8a1e-a348-43c5-91ca-cb920fdb8948	$(req.method)	/notes	undefined
20240607	17:00:16	f835c82d-f31d-4ecb-9220-29ff2a4750f4	$(req.method)	/notes	undefined
20240607	17:00:32	42e26ca8-7929-4d25-aa63-ae8b0e69660f	$(req.method)	/notes	undefined
20240607	17:00:49	14c71306-f8e2-4cb9-8b5e-2e32bbd2ab37	$(req.method)	/notes	undefined
20240607	17:01:07	31782693-a85b-49cf-9596-c510dd191c87	$(req.method)	/notes	undefined
20240607	17:01:23	e2b1bc30-e8df-41ac-a660-7eeed2708682	$(req.method)	/notes	undefined
20240607	17:01:39	65811f0d-8f8d-441d-afb8-f37405614735	$(req.method)	/notes	undefined
20240607	17:01:56	612675f0-78bd-4cf2-9c9b-b05ea35aef4a	$(req.method)	/notes	undefined
20240607	17:02:12	c551ff35-302c-49cf-9482-7d194163cdf5	$(req.method)	/notes	undefined
20240607	17:02:28	78ae945d-8ef1-4f74-b362-fe014cfca157	$(req.method)	/notes	undefined
20240607	17:02:44	52d38f89-6dbc-46b9-b97e-5582aed6cc1d	$(req.method)	/notes	undefined
20240607	17:03:00	9b44e0ef-9686-41b0-8b86-a82e878c2cb8	$(req.method)	/notes	undefined
20240607	17:03:16	5db15cd4-7486-4fad-9e8a-f432577d102d	$(req.method)	/notes	undefined
20240607	17:03:32	a75af1dc-7650-4747-b0b5-2cc64ca47ef4	$(req.method)	/notes	undefined
20240607	17:03:48	2be0a689-8e7a-483d-90a2-114734757709	$(req.method)	/notes	undefined
20240607	17:04:04	69cab539-fdd3-4c16-8f39-ce123138f0a2	$(req.method)	/notes	undefined
20240607	17:04:20	cc4c9063-2054-4712-b059-0b4e8b46d687	$(req.method)	/notes	undefined
20240607	17:04:36	87c78d2d-330a-4e2e-9898-4ae418f66874	$(req.method)	/notes	undefined
20240607	17:04:52	78faad4f-95a6-4918-8cd9-5d829939ce6c	$(req.method)	/notes	undefined
20240607	17:05:08	a373d7dd-98d8-452d-8b57-5204e6f65f7a	$(req.method)	/notes	undefined
20240607	17:05:24	a752ec5c-a96f-43ed-a0a9-6b2b4aff8a51	$(req.method)	/notes	undefined
20240607	17:05:40	b2d61e87-f4f4-4547-8fed-ab183e7150e3	$(req.method)	/notes	undefined
20240607	17:05:56	fb654fc8-12c2-4f30-878d-2e62430b2382	$(req.method)	/notes	undefined
20240607	17:06:12	953c65f4-7057-4a0b-bcdb-09202764a425	$(req.method)	/notes	undefined
20240607	17:06:28	67e4826b-0887-40e4-a0dc-9d32c84f05d8	$(req.method)	/notes	undefined
20240607	17:06:44	ad84ac5a-ec14-4171-bab8-c81117145f23	$(req.method)	/notes	undefined
20240607	17:07:00	a75dd86f-0779-4194-b1f2-69729e783975	$(req.method)	/notes	undefined
20240607	17:07:16	be7bf34f-bd3a-4638-b22b-e6ad43b4d334	$(req.method)	/notes	undefined
20240607	17:07:32	ef8cfa02-3d6d-4f33-9fe5-de80214cb1d3	$(req.method)	/notes	undefined
20240607	17:07:48	98c4d993-4f60-4210-a081-f0d3524e0313	$(req.method)	/notes	undefined
20240607	17:08:04	ebfb0d1d-3303-4d67-a70a-f803d124707a	$(req.method)	/notes	undefined
20240607	17:08:20	772ed986-5f3b-4f9c-9d88-606bde25381e	$(req.method)	/notes	undefined
20240607	17:08:36	fe14241d-4dfc-4066-81c6-1fd429b224d7	$(req.method)	/notes	undefined
20240607	17:08:52	c9e78dd3-1718-4328-96d4-8236b41b7942	$(req.method)	/notes	undefined
20240607	17:09:08	18800a24-043f-4eca-8ea5-c012d79a69a9	$(req.method)	/notes	undefined
20240607	17:09:24	77ac80bd-7430-4c8a-ae0c-9142c03dfc59	$(req.method)	/notes	undefined
20240607	17:09:40	c1ec3293-320e-47a0-95be-a8aeb280c6fd	$(req.method)	/notes	undefined
20240607	17:09:56	18a0d78b-81ae-4605-817f-5b8c54513f03	$(req.method)	/notes	undefined
20240607	17:10:13	4a1231a9-039e-4a7a-bf07-bc9f346ff898	$(req.method)	/notes	undefined
20240607	17:10:29	2757d807-9fba-474b-907a-00169325dcd0	$(req.method)	/notes	undefined
20240607	17:10:45	724e749d-c536-47bc-9cf1-dcd521a786c9	$(req.method)	/notes	undefined
20240607	17:11:01	6c8526c6-2efd-46fa-b43d-eb75c4d2fc29	$(req.method)	/notes	undefined
20240607	17:11:17	c3b163c3-18e9-43c1-8dd8-88385d4788f8	$(req.method)	/notes	undefined
20240607	17:11:33	56c9f05a-1b7b-4be3-b485-ec2e9b9a9af0	$(req.method)	/notes	undefined
20240607	17:11:49	fea2c0cf-3e7e-40fa-8424-66449f588565	$(req.method)	/notes	undefined
20240607	17:12:05	e99679c4-0410-446b-ab34-0a31d3d3516e	$(req.method)	/notes	undefined
20240607	17:12:21	dc6af80c-8630-4161-8dc6-d0fb4a2651c1	$(req.method)	/notes	undefined
20240607	17:12:37	16e93c96-a6cf-42e3-8938-257c763f4272	$(req.method)	/notes	undefined
20240607	17:12:53	19bcf6f1-d48e-4d33-abf9-5837d1fa1a86	$(req.method)	/notes	undefined
20240607	17:13:09	cd778ab0-b8cd-4038-aca1-973cc4e1a4ab	$(req.method)	/notes	undefined
20240607	17:13:25	db2f543b-cfc0-467a-b8d0-79a3c82d0d14	$(req.method)	/notes	undefined
20240607	17:13:41	de5531f0-e488-4ed4-ae52-6653bafe04aa	$(req.method)	/notes	undefined
20240607	17:13:57	4066be62-c66c-4b15-a8a2-8b7fd862366d	$(req.method)	/notes	undefined
20240607	17:14:13	4a1f6c23-afec-40ac-b149-7768ce7d22ff	$(req.method)	/notes	undefined
20240607	17:14:29	26125e8a-f6cd-443b-b33c-25caf563d085	$(req.method)	/notes	undefined
20240607	17:14:45	b7adaee5-1a1c-4a53-ae86-77e4835db7de	$(req.method)	/notes	undefined
20240607	17:15:01	adbda605-a96b-4963-93c8-b36cf91ad382	$(req.method)	/notes	undefined
20240607	17:15:17	f91fcb7a-be33-42c8-949f-2f61212b476a	$(req.method)	/notes	undefined
20240607	17:15:34	98e8e6e6-fd29-411f-80a8-5a5259b3834f	$(req.method)	/notes	undefined
20240607	17:15:49	37420e98-4470-44e8-88bf-15639090d302	$(req.method)	/notes	undefined
20240607	17:16:05	55f15d83-0e6e-4269-862e-62cbfc62794d	$(req.method)	/notes	undefined
20240607	17:16:21	b44d7a21-9585-42b1-ab28-2f07cdd6adfc	$(req.method)	/notes	undefined
20240607	17:16:37	262143ed-2284-4780-a7f9-f07a30f410bd	$(req.method)	/notes	undefined
20240607	17:16:53	7086a6ea-a619-4ca5-b9b9-4428503e1c56	$(req.method)	/notes	undefined
20240607	17:21:27	b11cc359-8684-47b9-b596-6f33edd1fd4a	$(req.method)	/notes	undefined
20240607	17:21:43	5269d19a-5741-46c6-98fd-ef3851007679	$(req.method)	/notes	undefined
20240607	17:21:59	9f885afd-9e92-4732-88fb-4873b3e72667	$(req.method)	/notes	undefined
20240607	17:22:15	efed1f70-c213-4544-80fa-a1d95f083abe	$(req.method)	/notes	undefined
20240607	17:22:31	fca4a8ad-5042-4dda-b087-8af1add859d3	$(req.method)	/notes	undefined
20240607	17:22:47	f8d64e15-17b0-414a-9953-06a612b67dcf	$(req.method)	/notes	undefined
20240607	17:22:48	783f6005-0f25-4552-acf4-6929459a4a74	$(req.method)	/auth	undefined
20240607	17:23:03	519f4bff-59bc-4133-ba4e-9b4575757bdf	$(req.method)	/notes	undefined
20240607	17:23:07	4a3d85d4-bf81-4045-a6f0-9d7487f228af	$(req.method)	/users	undefined
20240607	17:23:14	74c3df6b-6d54-43a3-81a7-cee525c13883	$(req.method)	/user	undefined
20240607	17:23:19	aeeaf4b4-ee16-49a9-b488-620de1a8509c	$(req.method)	/notes	undefined
20240607	17:23:24	55e3584e-9ad4-4e30-b063-934334471c31	$(req.method)	/notes	undefined
20240607	17:23:30	92aaba86-6cf1-4a63-8a55-c08bc7d77c47	$(req.method)	/notes	undefined
20240607	17:23:31	a198fe4c-3d91-40b7-a17a-39fc4655ac79	$(req.method)	/notes	undefined
20240607	17:23:46	b0aabce4-a92a-4c0e-8f13-0db48eecb422	$(req.method)	/notes	undefined
20240607	17:23:58	c8c6b001-081b-4948-8821-e737594cfa20	$(req.method)	/auth	undefined
20240607	17:24:02	2d5475d6-9491-436b-877e-f74b8d018808	$(req.method)	/notes	undefined
20240607	17:24:18	9ec9eb0b-81b4-4c86-9ed3-4321e5ebef3f	$(req.method)	/notes	undefined
20240607	17:24:34	d768d045-4dfb-4b3f-9673-222189592b12	$(req.method)	/notes	undefined
20240607	17:24:50	82c4decc-f801-4964-8b05-b77b20884378	$(req.method)	/notes	undefined
20240607	17:25:02	89f0d0bd-4db2-4086-bb48-d9835412c851	$(req.method)	/user	undefined
20240607	17:25:06	c171c7f4-fc7e-4bf2-ad79-253d237bee05	$(req.method)	/notes	undefined
20240607	17:25:22	90383abb-997e-4e8d-bc4d-eb4d09df6ff7	$(req.method)	/notes	undefined
20240607	17:25:38	8e5488c3-5baa-46f6-a24a-67d80caf99b7	$(req.method)	/notes	undefined
20240607	17:25:44	7c51dea9-7edb-46a4-b76c-385115ab537b	$(req.method)	/auth	undefined
20240607	17:25:54	354903bf-3a98-4eef-ac3b-518e4b94eaa0	$(req.method)	/notes	undefined
20240607	17:26:10	ba4f4bc1-f98f-43bf-b1c4-e8652b63d55a	$(req.method)	/notes	undefined
20240607	17:26:26	7346548a-98db-4126-9660-e862b0815f31	$(req.method)	/notes	undefined
20240607	17:26:41	468afe39-8b7b-4a4e-951a-28f6bbb4b5ce	$(req.method)	/notes	undefined
20240607	17:26:45	0dc1fe98-b01b-4762-993b-3bb85dd59097	$(req.method)	/notes	undefined
20240607	17:26:45	499abaeb-d810-4114-b06f-3f05ec6ce670	$(req.method)	/users	undefined
20240607	17:26:46	c764c7a7-b035-448a-826f-c5422c5dccc4	$(req.method)	/notes	undefined
20240607	17:27:03	2b487e7c-43d0-4d3f-b6f2-3367b29a03f4	$(req.method)	/users	undefined
20240607	17:27:03	35bc1334-40ea-4cd8-b3f9-ff01b5501a4a	$(req.method)	/users	undefined
20240607	17:27:03	87162163-7d22-4f7b-bf54-7c8594b41f8f	$(req.method)	/users	undefined
20240607	17:27:08	b27994fc-e60e-4f31-bea2-a5e331ff5199	$(req.method)	/users	undefined
20240607	17:27:08	bf757da0-095e-45a2-b347-aab66da69e0c	$(req.method)	/users	undefined
20240607	17:27:08	c45b42a0-3988-4e84-9b0b-bfc6a6acba56	$(req.method)	/users	undefined
20240607	17:27:34	d1720dfe-0436-40fc-9fd3-4c2cb21425f2	$(req.method)	/auth	undefined
20240607	17:28:13	3fc78200-1ae1-4be2-9ec9-062577a4a91c	$(req.method)	/auth	undefined
20240607	17:28:19	6da683d5-e819-45c3-80f4-76c95101920e	$(req.method)	/auth	undefined
20240607	17:28:25	38971434-316a-4df0-b904-13ae4e0e50d3	$(req.method)	/auth	undefined
20240607	17:29:26	668b3ef3-96df-4b8f-a929-4b7bb70710c6	$(req.method)	/users	undefined
20240607	17:56:16	dc20b31a-f216-43fc-9562-d1ed7fa43805	$(req.method)	/users	undefined
20240607	17:56:26	4224e836-f42e-4d8b-98f8-7f4f75b3d06f	$(req.method)	/users	undefined
20240607	17:58:27	de29faa9-80f3-4046-8c76-478dbf44ad0e	$(req.method)	/users	undefined
20240607	17:58:27	f1207021-f58d-4f0c-9bea-238222bdd45b	$(req.method)	/users	undefined
20240607	17:58:27	206d6136-cef7-473d-b412-2723a2342d41	$(req.method)	/users	undefined
20240607	18:05:27	babee24f-b532-4104-bb89-e33e10d24913	$(req.method)	/auth	undefined
20240607	18:05:44	1e67edc8-195e-4284-b830-3a3e140c8318	$(req.method)	/auth	undefined
20240607	18:06:07	a7c8b9df-cf04-4321-ac51-fbbc9511ac0f	$(req.method)	/user	undefined
20240607	18:06:14	03d1ea1d-0335-40bd-87e6-67b38325866d	$(req.method)	/users	undefined
20240607	18:07:33	2793131e-5348-41b3-8419-d1b6988c96d9	$(req.method)	/users	undefined
20240607	18:15:29	4851a62d-fc94-4f31-bcea-8973cebfb26d	$(req.method)	/auth	undefined
20240607	18:16:42	06834ea6-f6e7-4d7d-a2ce-01793e129a7f	$(req.method)	/refresh	undefined
20240607	18:16:59	1b7f145f-db8f-4eb5-b318-adce5935db10	$(req.method)	/auth/refresh	undefined
20240607	18:17:41	cf9be9ef-148e-4934-9e3a-023d34c6fc7e	$(req.method)	/notes	undefined
20240607	18:17:41	ddfef202-cce8-4f57-8b01-1dba7d405589	$(req.method)	/users	undefined
20240607	18:17:48	0d4738af-5645-4b8a-9d4e-208af588e681	$(req.method)	/notes	undefined
20240607	18:17:48	c87cf21a-e286-4f7d-b858-2c98ef098cf9	$(req.method)	/notes	undefined
20240607	18:17:48	509a9aa3-5327-4311-b938-f7d6193287fc	$(req.method)	/users	undefined
20240607	18:17:50	77f4d3d8-a953-491f-8f31-1d046d15a96c	$(req.method)	/users	undefined
20240607	18:18:26	d71d7ad8-1b3c-48cd-b35d-b4a60d5dd800	$(req.method)	/notes	undefined
20240607	18:18:26	d347bcc2-1b9e-4efa-abd6-b19443caec08	$(req.method)	/users	undefined
20240607	18:18:37	d688281f-223c-4338-9dd0-0b0a1598f9b2	$(req.method)	/notes	undefined
20240607	18:18:37	ff319a1c-75ce-425e-a7d1-674bd73acf50	$(req.method)	/users	undefined
20240607	18:18:38	2fde62db-659a-4990-a584-90b83e8ba1b1	$(req.method)	/notes	undefined
20240607	18:18:59	1cc285af-c555-4d29-93f9-9faa3c12f85d	$(req.method)	/users	undefined
20240607	18:18:59	bfff8c85-d9d5-45d7-b96b-7ffe83b25914	$(req.method)	/users	undefined
20240607	18:18:59	47c0b2e4-d40e-4aab-b2f8-e9bac9956d36	$(req.method)	/users	undefined
20240607	18:22:44	adefe90f-d3a3-41be-8805-32756449a739	$(req.method)	/users	undefined
20240607	18:23:00	f073372e-6a7b-4a2d-8a7b-a3c61b24aea5	$(req.method)	/notes	undefined
20240607	18:26:51	ee3a2ef6-39b1-4e7a-86cd-0e740172bf50	$(req.method)	/users	undefined
20240607	18:27:09	0efce0c9-ba13-4beb-b61f-992c66f25618	$(req.method)	/users	undefined
20240607	18:27:51	8e721737-7fc4-43cd-a547-31b97386e247	$(req.method)	/users	undefined
20240607	18:28:27	6d8356c4-c8bc-4243-8fb4-7cc05eac3326	$(req.method)	/users	undefined
20240607	18:28:51	b6ff2607-164e-45dc-b7fd-41eff14cf075	$(req.method)	/users	undefined
20240607	18:29:51	580f2dea-bc95-4e5d-990f-0acc6a01e17a	$(req.method)	/users	undefined
20240607	18:30:51	d785b022-1009-47d3-a663-f70aac0ecd64	$(req.method)	/users	undefined
20240607	18:30:57	9527fc0a-ff59-4f6e-97a9-da398167a950	$(req.method)	/users	undefined
20240607	18:31:58	e484d91f-f000-475c-a6b9-8af7b8a3df8a	$(req.method)	/users	undefined
20240607	18:32:17	f25c93ea-3391-4cc2-a01a-978bd8010197	$(req.method)	/users	undefined
20240607	18:32:21	951a1cf0-6a3c-4e7a-80a5-f793f13e3b6b	$(req.method)	/users	undefined
20240607	18:32:50	f4d09ffb-e2b8-4a73-94ba-17398f1dc6f4	$(req.method)	/users	undefined
20240607	18:32:50	87d1f937-8c83-4aa5-882a-ab8f76be4d2f	$(req.method)	/users	undefined
20240607	18:32:50	d4cd9476-de1b-4d6f-ae28-068e7f8b690f	$(req.method)	/users	undefined
20240607	18:33:03	bbe61880-191c-4afa-985a-a302a5d09b3c	$(req.method)	/notes	undefined
20240607	18:49:27	43aaca51-9880-41ae-9de6-29b68bb6965e	$(req.method)	/users	undefined
20240607	18:50:34	0a0b2cfc-c5ff-4bb8-a3d5-6c8409fe1e7a	$(req.method)	/notes	undefined
20240607	18:50:34	3589b423-979f-4de0-b5b4-33091758eec1	$(req.method)	/users	undefined
20240607	18:50:49	681dd85a-d5fa-402e-85a7-bcb1923fed46	$(req.method)	/users	undefined
20240607	18:50:49	df6fafff-0d63-4ad5-9bc1-dac4c7feae8c	$(req.method)	/users	undefined
20240607	18:50:50	11316193-50ed-49eb-b274-6c4f04c63cb6	$(req.method)	/users	undefined
20240607	18:51:03	f8a01d82-ecd9-4703-871f-427cdd445a5f	$(req.method)	/auth/logout	undefined
20240607	18:51:08	638e2068-95fb-4b04-953a-d49bb7e5b7db	$(req.method)	/users	undefined
20240607	18:51:18	4cc3bcb2-8d35-429a-8700-de5d6a60f9b9	$(req.method)	/users	undefined
20240607	18:51:27	4715c7c2-778a-4687-9be4-d5eed5a011c9	$(req.method)	/users	undefined
20240607	18:51:27	c9a18054-ce82-4ead-a202-b6618cdf7054	$(req.method)	/users	undefined
20240607	18:51:42	2bc5dedc-4166-4705-8f55-5b80d4519c6f	$(req.method)	/users	undefined
20240607	18:52:36	865a674b-c2a3-4ce7-bbed-9af6ac2dd94f	$(req.method)	/users	undefined
20240607	18:52:41	d46b42b1-755e-4296-83cb-5b4953ccac0a	$(req.method)	/users	undefined
20240607	18:53:00	51037aab-c1f4-426f-9957-b384cf6d93d5	$(req.method)	/auth	undefined
20240607	18:53:00	3a76b263-931d-4c2e-86bb-b713ab381388	$(req.method)	/auth	undefined
20240607	18:53:00	8110ee39-cf26-46f6-848d-95ac5c6eb091	$(req.method)	/users	undefined
20240607	18:53:00	b0912301-009d-475e-b8b0-1995d6e99f9c	$(req.method)	/notes	undefined
20240607	18:53:07	5cd863c1-38e2-4271-8979-13263d61005f	$(req.method)	/users	undefined
20240607	18:53:43	40bda20d-f00f-4228-bea4-1b504de0cf9f	$(req.method)	/auth	undefined
20240607	18:59:48	a8be188e-1181-4093-8585-5354ded283e1	$(req.method)	/refresh	undefined
20240607	19:00:01	d472caea-88b7-4b38-ad4d-6a547954dce6	$(req.method)	/auth/refresh	undefined
20240607	19:00:35	25fec560-916b-4a2d-be37-98873f77090d	$(req.method)	/auth/refresh	undefined
20240607	19:01:09	9d2fe1bb-1493-464c-af1d-aee71ef160fe	$(req.method)	/auth/logout	undefined
20240607	19:01:28	c71907cf-e409-4791-9bdb-2fffe772bc9e	$(req.method)	/auth	undefined
20240607	19:02:52	f44065da-ec5b-426a-86bd-1903aa1b455e	$(req.method)	/notes	undefined
20240607	19:03:03	914c3431-6ce4-4fa7-b797-6b66eed06466	$(req.method)	/notes	undefined
20240607	19:03:05	cc62f32d-b564-40e1-838b-51100abc604b	$(req.method)	/notes	undefined
20240607	19:03:50	feb76ca4-9f05-49c2-a4e0-08a886856508	$(req.method)	/auth	undefined
20240607	19:04:27	7b0c7755-7e65-4dae-8890-f06d43705c5e	$(req.method)	/auth	undefined
20240607	19:04:38	71cdaa76-5227-4604-9cea-daccf1fbf562	$(req.method)	/notes	undefined
20240607	19:04:51	be8f5d0a-321f-4bc6-90a4-c940adfa9fc1	$(req.method)	/users	undefined
20240607	19:05:00	a3142816-e441-429a-bc6c-ff3faa891fc1	$(req.method)	/notes	undefined
20240607	19:05:13	9a3e1082-7f34-4b4e-8e7c-6a7c6b3d3230	$(req.method)	/notes	undefined
20240607	19:05:15	4b9e7420-54cd-4794-ad00-d30478aec6b8	$(req.method)	/notes	undefined
20240607	19:05:17	3135d2a6-b5c4-4e90-b30f-91771f3500f1	$(req.method)	/notes	undefined
20240607	19:05:18	ecf80157-ca90-42a9-976c-c65686bf5f97	$(req.method)	/notes	undefined
20240607	19:05:47	4e9e3e41-9821-435a-942d-a6e97a2a05a3	$(req.method)	/notes	undefined
20240607	19:06:14	8b1e1156-5534-466d-a97f-1d8651513d7b	$(req.method)	/notes	undefined
20240607	19:07:01	0fdc26ab-810f-4ddb-82e2-83c65d34e574	$(req.method)	/notes	undefined
20240607	19:08:13	a8984522-a721-40bf-8e14-a91af2997d48	$(req.method)	/notes	undefined
20240607	19:08:42	3bef7d3a-5b92-4b55-8f8e-9e351b2fc7af	$(req.method)	/users	undefined
20240607	19:08:47	062bf4c3-343b-400e-a4df-690292fda2ee	$(req.method)	/users	undefined
20240607	19:08:58	49de6f49-2150-441e-a0f3-d0fd9ea9af5c	$(req.method)	/auth	undefined
20240607	19:08:58	3ad36dce-cad6-4966-9c23-8e3221f334ef	$(req.method)	/auth	undefined
20240607	19:08:58	4921a05c-d7b8-49ab-8773-0c2ba41542ae	$(req.method)	/notes	undefined
20240607	19:08:58	1bcd8fcc-1224-4fe0-860c-c69bfa29a211	$(req.method)	/users	undefined
20240607	19:09:00	d1a88880-914b-4f9d-9592-d32f3b5dd633	$(req.method)	/users	undefined
20240607	19:09:18	f65c4ec4-83ed-4f1d-90c2-3a1f4cb00318	$(req.method)	/auth	undefined
20240607	19:09:26	537254a4-8ab7-4cb2-9358-2c62af506fd1	$(req.method)	/auth	undefined
20240607	19:09:47	d19e1493-1753-4d9d-8d9c-6978dc352a9e	$(req.method)	/auth	undefined
20240607	19:09:54	74ebae51-f6ee-4e61-95d7-62d15556be0b	$(req.method)	/auth	undefined
20240607	19:10:00	f303b296-4c3c-46da-a8ba-61b71cc62656	$(req.method)	/users	undefined
20240607	19:10:03	ff5db029-8174-486f-b947-8b30c697375e	$(req.method)	/users	undefined
20240607	19:10:12	ad422f98-0c03-48a7-925c-29e26f78b023	$(req.method)	/notes	undefined
20240607	19:10:16	2d64dc7e-a266-4548-ba69-d191878932d7	$(req.method)	/users	undefined
20240607	19:10:37	8cc23142-46b0-4251-8afb-795962b81483	$(req.method)	/auth	undefined
20240607	19:10:37	991efa36-127f-4ea6-a7bf-4f03e9a7cf33	$(req.method)	/auth	undefined
20240607	19:10:37	4e58fcbf-11c2-4793-8156-96412abcef0a	$(req.method)	/users	undefined
20240607	19:10:37	44be06a8-9134-4dbd-9ea0-ea719040abfc	$(req.method)	/notes	undefined
20240607	19:10:38	104b7d6f-02af-451b-bc82-97baa61f736b	$(req.method)	/users	undefined
20240607	19:11:01	5314d76d-ae1c-48f6-a0c0-c10e75c06a9b	$(req.method)	/users	undefined
20240607	19:11:01	33a233a2-f251-41e2-8a1f-bb64baeb19ae	$(req.method)	/users	undefined
20240607	19:11:01	337ccea0-3bb3-4d21-b0e8-846e12330af5	$(req.method)	/users	undefined
20240607	19:11:33	6b1640aa-1930-444c-a424-3fc1ae83fd4f	$(req.method)	/users	undefined
20240607	19:11:54	368ec3aa-44b0-4ca3-b606-e8d18ddc1502	$(req.method)	/users	undefined
20240607	19:12:09	ee5ac0dd-1e4b-4ee8-812f-9cd14401b0fe	$(req.method)	/auth	undefined
20240607	19:12:44	933e467a-eb1b-4b9b-8071-56f7ffe5746e	$(req.method)	/auth	undefined
20240607	19:12:51	83ad505b-cd9b-4082-a427-d145adcaf15f	$(req.method)	/auth	undefined
20240607	19:13:36	fd1c6fbb-b37f-4d26-bf7e-c9259ee44d0c	$(req.method)	/auth	undefined
20240607	19:13:43	11b7540e-1f28-4e5a-a30d-f0730e37c5f9	$(req.method)	/users	undefined
20240607	19:13:49	62e1d6cf-bdb3-4daa-8204-7c9da61bb091	$(req.method)	/users	undefined
20240607	19:14:05	583a188b-a4ec-4bcb-a3b9-df2c6157e144	$(req.method)	/notes	undefined
20240607	19:22:01	0a7fe172-355f-4626-aad8-0170156b4aee	$(req.method)	/notes	undefined
20240607	19:22:01	b86c47cf-3f69-4b8b-83f8-1f1ce81cb5d3	$(req.method)	/users	undefined
20240607	19:24:59	75d3f5ff-b8f7-4ae4-9a7f-a0a3af372842	$(req.method)	/auth	undefined
20240607	19:24:59	33e334c7-ad67-4c70-ba45-1615995ac187	$(req.method)	/auth	undefined
20240607	19:24:59	ad3c0234-cb97-4a5e-acd6-687142b3a7ec	$(req.method)	/notes	undefined
20240607	19:24:59	7e9a360f-69c5-4e41-b4c7-c0c588eaa13c	$(req.method)	/users	undefined
20240607	19:24:59	4372330a-f181-42ee-8de8-391a65cdef20	$(req.method)	/notes	undefined
20240607	19:24:59	9f6ccfa0-e143-4dd3-80c2-20af2029f467	$(req.method)	/users	undefined
20240607	19:25:01	0b33345f-2bf1-41d9-9285-3c4e69b9e571	$(req.method)	/users	undefined
20240607	19:25:06	459b5f4c-9d09-43b5-a2dd-dc50e79e9498	$(req.method)	/notes	undefined
20240607	19:25:06	1bb93b9d-684b-444d-9062-41e412f9354b	$(req.method)	/notes	undefined
20240607	19:25:21	86a6f603-bcd8-43d1-9d86-f4443b7ea3bb	$(req.method)	/notes	undefined
20240607	19:25:21	4798c619-803f-4869-808f-9d518cab4610	$(req.method)	/notes	undefined
20240607	19:25:37	fe066aa1-90ec-47cc-9b36-6620e26d1e7b	$(req.method)	/notes	undefined
20240607	19:25:37	ce998df8-94be-4682-88ef-78465ae0212d	$(req.method)	/notes	undefined
20240607	19:25:53	fa539d42-b96c-4f20-be0c-01b89a1c3af6	$(req.method)	/notes	undefined
20240607	19:25:53	32dff6fb-ea74-4afb-9e81-69a9b7f53462	$(req.method)	/notes	undefined
20240607	19:26:09	9ed902eb-50c9-405a-ad42-73af9dd657bd	$(req.method)	/notes	undefined
20240607	19:26:09	657d3942-bbb7-4972-a73b-cc860556d59c	$(req.method)	/notes	undefined
20240607	19:26:25	0947e27b-1feb-4017-a0de-491fed78358d	$(req.method)	/notes	undefined
20240607	19:26:25	1c35dc20-7c1a-46e7-8336-893295a30b2d	$(req.method)	/notes	undefined
20240607	19:26:41	9cd76984-4e31-433b-b8d7-1a0e1e5edcd2	$(req.method)	/notes	undefined
20240607	19:26:41	965f8b35-00b9-45f7-b536-56818c204193	$(req.method)	/notes	undefined
20240607	19:26:57	3c2ed06c-f80f-4d37-9235-ce58aad8fc93	$(req.method)	/notes	undefined
20240607	19:26:57	9f000c3f-8869-49b1-a95a-195b95995eed	$(req.method)	/notes	undefined
20240607	19:27:13	a266e769-f93d-4d8f-8dc1-3fe2af582755	$(req.method)	/notes	undefined
20240607	19:27:13	ae845ed4-118c-4d92-9d39-54da949b3d12	$(req.method)	/notes	undefined
20240607	19:27:29	10d3afeb-565e-4c78-aedf-3c746f4a8e91	$(req.method)	/notes	undefined
20240607	19:27:29	e38a6d39-248a-4615-b3d2-14dd4b1c824e	$(req.method)	/notes	undefined
20240607	19:27:45	76f50609-41f1-40ed-859a-322c6860ac25	$(req.method)	/notes	undefined
20240607	19:27:45	8a72d04c-9ed5-4721-809b-ab1abd9e9492	$(req.method)	/notes	undefined
20240607	19:28:01	ef5a693a-27b0-4700-b7a2-e0dda08b6c7a	$(req.method)	/notes	undefined
20240607	19:28:01	33d7bc3c-a64b-4e2c-8b42-0ddb436e7613	$(req.method)	/notes	undefined
20240607	19:28:17	a491b08f-45dd-47c8-9e11-0e35b7d62109	$(req.method)	/notes	undefined
20240607	19:28:17	d2016a98-0831-47be-87f2-1937ee960449	$(req.method)	/notes	undefined
20240607	19:28:33	8b4d7fc1-70e0-4ef8-99c1-439d8a73877e	$(req.method)	/notes	undefined
20240607	19:28:33	f21ab327-1fbb-4b00-b613-468bc004745a	$(req.method)	/notes	undefined
20240607	19:28:49	76ebfd40-6d2a-4161-b296-49f178995c9e	$(req.method)	/notes	undefined
20240607	19:28:49	8297ab72-ac0c-4257-830b-8534cc20a569	$(req.method)	/notes	undefined
20240607	19:29:05	6d47ebef-2a45-452c-a165-f7c88d962825	$(req.method)	/notes	undefined
20240607	19:29:05	67f2a4d8-448b-4cd8-8120-9226a7d7613a	$(req.method)	/notes	undefined
20240607	19:29:21	01e7cba0-76ef-44b3-b4f1-c3370b984b7f	$(req.method)	/notes	undefined
20240607	19:29:21	5c5ca045-2471-4e66-9b86-8e1410973778	$(req.method)	/notes	undefined
20240607	19:29:37	7d2822d0-4340-4f2d-ac19-70a550e1cc4f	$(req.method)	/notes	undefined
20240607	19:29:37	61aaa5b2-21aa-4720-8514-84b8b3565e20	$(req.method)	/notes	undefined
20240607	19:29:53	11c03d7f-51c3-49cd-8215-9da6de9c43ec	$(req.method)	/notes	undefined
20240607	19:29:53	c564c439-b55b-438c-ba5e-b6760c540baf	$(req.method)	/notes	undefined
20240607	19:30:10	03b21517-b5be-48e7-862d-de86f5103b23	$(req.method)	/notes	undefined
20240607	19:30:10	db8a7d1e-973b-4785-bc04-c6798726ed6d	$(req.method)	/notes	undefined
20240607	19:30:26	e31b3138-8636-4d3b-ba38-f53428518070	$(req.method)	/notes	undefined
20240607	19:30:26	3c591556-d2b7-4f46-bcee-6212e7d76874	$(req.method)	/notes	undefined
20240607	19:31:00	c619e5c2-0a06-4a1b-82af-ac40ae279460	$(req.method)	/notes	undefined
20240607	19:31:00	b2a4e973-a9d5-4531-8e6f-67e8c2eb8fc2	$(req.method)	/notes	undefined
20240607	19:31:16	2d3f7d32-140f-4df6-a5d9-d1745de27e2d	$(req.method)	/notes	undefined
20240607	19:31:16	a73c6cd5-5550-419d-8c0a-8aeb04223bb7	$(req.method)	/notes	undefined
20240607	19:31:32	b09693f3-b7d1-4262-8ec4-57785cbd72a7	$(req.method)	/notes	undefined
20240607	19:31:32	99f78d98-9f49-4909-84b5-2fa3cc627d70	$(req.method)	/notes	undefined
20240607	19:31:48	e6972d6e-a7e5-426e-b014-2bd6ec16317e	$(req.method)	/notes	undefined
20240607	19:31:48	5efaf204-b51f-427b-ab74-16d3b59b4f6a	$(req.method)	/notes	undefined
20240607	19:32:04	a92a8c03-d47b-4979-8232-c176aa683b0a	$(req.method)	/notes	undefined
20240607	19:32:04	3071fc2d-2abf-4cce-9af0-510d5c5c0b62	$(req.method)	/notes	undefined
20240607	19:32:20	1a6c493e-6e72-49c9-a464-1ea985506166	$(req.method)	/notes	undefined
20240607	19:32:20	6fd641a3-a106-4ce6-84c9-2b4765260dbe	$(req.method)	/notes	undefined
20240607	19:32:36	cc707b8d-16fd-444e-8814-be47619fa8b4	$(req.method)	/notes	undefined
20240607	19:32:36	97a76ded-fe18-45ab-94a6-d6ce417df3b6	$(req.method)	/notes	undefined
20240607	19:32:52	547953df-dcbf-457e-ab4b-a308095a17b9	$(req.method)	/notes	undefined
20240607	19:32:52	134193e9-4e76-42ac-a511-01064da5e34b	$(req.method)	/notes	undefined
20240607	19:33:08	bc80e2d9-ed34-418e-b191-d7479bffe12c	$(req.method)	/notes	undefined
20240607	19:33:08	95fd67f4-985f-40ca-8396-60ca8e7e6207	$(req.method)	/notes	undefined
20240607	19:33:24	907beba4-3fe8-4f26-9751-f7538678f67c	$(req.method)	/notes	undefined
20240607	19:33:24	713cf698-9162-4984-b397-e0e82c8a2457	$(req.method)	/notes	undefined
20240607	19:33:40	65fe44a2-1d2e-429b-aa3c-1033bb90931b	$(req.method)	/notes	undefined
20240607	19:33:40	ce02d52b-efe3-4dbb-bad1-49ae70f0bd10	$(req.method)	/notes	undefined
20240607	19:33:56	99b39050-9ff6-46c6-86da-5b5b5fc95ba9	$(req.method)	/notes	undefined
20240607	19:33:56	a68e37c9-1e1d-43b8-a4af-eaee24afbbd6	$(req.method)	/notes	undefined
20240607	19:34:13	cabdb662-562e-44e0-9d70-ba39d670659d	$(req.method)	/notes	undefined
20240607	19:34:13	f570d3e7-8436-4554-a29e-8894e365f1b5	$(req.method)	/notes	undefined
20240607	19:34:50	ef60f301-e193-4a42-a317-b2c3cb6de47e	$(req.method)	/notes	undefined
20240607	19:34:50	a61845fe-9aa5-42a0-bc64-d807c19ad757	$(req.method)	/notes	undefined
20240607	19:35:06	e200c00f-316b-4d99-9f92-a69be6b5b7cb	$(req.method)	/notes	undefined
20240607	19:35:06	b3c15056-f166-4a8e-bff5-6967a68668cb	$(req.method)	/notes	undefined
20240607	19:35:41	3555c6c6-5626-47db-8cd3-e5187010bc40	$(req.method)	/notes	undefined
20240607	19:35:41	38c5f427-20f0-40f2-8eef-375cf141cb19	$(req.method)	/notes	undefined
20240607	19:35:57	02513113-19b6-4568-b87f-f71386eb3a98	$(req.method)	/notes	undefined
20240607	19:35:57	dc887f50-278b-4b65-a4dd-056b8ccb8ce8	$(req.method)	/notes	undefined
20240607	19:36:14	66921bfd-7982-4096-82ad-b6b286ebcb5c	$(req.method)	/notes	undefined
20240607	19:36:14	3f27d56f-4478-4553-951e-b92f98309cfc	$(req.method)	/notes	undefined
20240607	19:36:30	bb16d412-91df-46ed-b695-cd6b8e21137d	$(req.method)	/notes	undefined
20240607	19:36:30	467ed094-524c-4ede-8a16-47afb4ee6510	$(req.method)	/notes	undefined
20240607	19:36:46	326ea0e9-23a0-43d5-8a4f-db6f35ac6dc3	$(req.method)	/notes	undefined
20240607	19:36:46	804c81e5-30eb-4350-b196-c75c6c393229	$(req.method)	/notes	undefined
20240607	19:37:02	d7f3ac04-f5f1-48bb-9048-3dda06a9a724	$(req.method)	/notes	undefined
20240607	19:37:02	190c1bbd-4172-43e3-8296-c86156dd73ff	$(req.method)	/notes	undefined
20240607	19:37:19	2c971a5e-ea05-4a64-bc1d-7a9f02715ce5	$(req.method)	/notes	undefined
20240607	19:37:19	d67f4778-8010-4d28-9ac2-30c04307264a	$(req.method)	/notes	undefined
20240607	19:37:35	4bd0453f-9db0-4a1f-8362-7c17783f55db	$(req.method)	/notes	undefined
20240607	19:37:35	789f6e61-eb6f-4e27-a9d9-36f69ccbb052	$(req.method)	/notes	undefined
20240607	19:37:51	1dd716d8-8e7f-494a-8699-9908d0a090f2	$(req.method)	/notes	undefined
20240607	19:37:51	612378e1-5386-4fd7-8a76-80d67eaab5ba	$(req.method)	/notes	undefined
20240607	19:38:07	5f84219b-ba54-4ece-ba74-f96d898850d2	$(req.method)	/notes	undefined
20240607	19:38:07	5721ab10-3859-4acb-8258-20c67c823f36	$(req.method)	/notes	undefined
20240607	19:38:23	e8ae4baa-57c3-49c7-8111-7e23af9c262d	$(req.method)	/notes	undefined
20240607	19:38:23	02b29e76-e9f6-4988-90ea-458de48e1498	$(req.method)	/notes	undefined
20240607	19:38:39	4efa2ac7-2177-4818-a4e8-ca0139413d56	$(req.method)	/notes	undefined
20240607	19:38:39	c80bf2cf-7cd6-4596-b45a-91d3dd4c3983	$(req.method)	/notes	undefined
20240607	19:38:55	d17dcfe6-d8df-4c94-91d2-93c2b5bd4495	$(req.method)	/notes	undefined
20240607	19:38:55	fb277af6-bca8-47e2-9df4-b2bf22aae667	$(req.method)	/notes	undefined
20240607	19:39:11	edb2e277-e9fc-4521-974b-9ba27baaa013	$(req.method)	/notes	undefined
20240607	19:39:11	0ef41ce7-7696-4849-b7f5-bb1a19a3bc54	$(req.method)	/notes	undefined
20240607	19:39:27	35a100d6-59a5-4571-998d-99b423773317	$(req.method)	/notes	undefined
20240607	19:39:27	e39ff61d-97b4-45ef-bd5f-1f805bdb6e56	$(req.method)	/notes	undefined
20240607	19:39:43	e506915e-e45e-4321-b8c1-4a236e914d9a	$(req.method)	/notes	undefined
20240607	19:39:43	fa67cc6d-f18c-4bce-afb9-7ad8d5aab827	$(req.method)	/notes	undefined
20240607	19:39:59	9f3c4f62-c447-4850-96da-45832bed9782	$(req.method)	/notes	undefined
20240607	19:39:59	8419ed08-1011-4736-8998-ef7aac17be26	$(req.method)	/notes	undefined
20240607	19:39:59	fd45bec7-0b43-45f3-aec4-f3231abe92a1	$(req.method)	/auth/refresh	undefined
20240607	19:39:59	216ab52d-a5e0-4be2-a49d-cf2def8530d5	$(req.method)	/auth/refresh	undefined
20240607	19:39:59	6c54e5d8-e323-45e7-ae5a-88ce6066d16a	$(req.method)	/notes	undefined
20240607	19:40:15	8ad84e12-4541-463f-9f86-150fd1a1a429	$(req.method)	/notes	undefined
20240607	19:40:15	5b8b3f7c-f47f-465c-9a98-844001a549a4	$(req.method)	/notes	undefined
20240607	19:40:31	53d2a2f7-fab3-46c5-b935-b5a60925d162	$(req.method)	/notes	undefined
20240607	19:40:31	a493efd8-e760-4b8f-9c25-667585e62d6e	$(req.method)	/notes	undefined
20240607	19:40:47	5444d199-c7bd-402f-a230-1b58671765f9	$(req.method)	/notes	undefined
20240607	19:40:47	a365119b-8c1f-486b-a557-14654cfb0647	$(req.method)	/notes	undefined
20240607	19:41:03	940a38ba-80f5-4f97-9d3b-311ea2078ef1	$(req.method)	/notes	undefined
20240607	19:41:03	21f29bb1-a5b0-40ce-a9f6-7720f0ec3ab6	$(req.method)	/notes	undefined
20240607	19:41:19	5954003e-e1ad-4ac3-a451-2c55721af398	$(req.method)	/notes	undefined
20240607	19:41:19	6903aa1f-8df8-4b62-b1d4-cc80e73fe427	$(req.method)	/notes	undefined
20240607	19:41:35	85c86633-1a8a-442f-af18-e1c5d0cf92d5	$(req.method)	/notes	undefined
20240607	19:41:35	3851e0e4-b398-4649-a2f9-7f409deb1c8c	$(req.method)	/notes	undefined
20240607	19:41:51	eb73edd4-1ac4-419c-8c97-f07d0a483387	$(req.method)	/notes	undefined
20240607	19:41:51	28e72400-5210-46dd-a473-44b23968047f	$(req.method)	/notes	undefined
20240607	19:42:07	d23002dd-494d-4053-988c-9595bc4752b8	$(req.method)	/notes	undefined
20240607	19:42:07	bb399ade-07d3-448c-a058-c97186bea141	$(req.method)	/notes	undefined
20240607	19:42:23	f619d620-a548-4f63-94ca-1b12abf7b5d0	$(req.method)	/notes	undefined
20240607	19:42:23	5dc5b7bd-8345-47bc-9680-4384820277d6	$(req.method)	/notes	undefined
20240607	19:42:39	b8ba4442-b5ea-41bc-a891-054da7c2ffdb	$(req.method)	/notes	undefined
20240607	19:42:39	e47661ec-d7d3-46c1-8439-ae405f57ce30	$(req.method)	/notes	undefined
20240607	19:42:56	cae9de00-376e-40b0-b0b3-06300751de18	$(req.method)	/notes	undefined
20240607	19:42:56	d431a30c-7138-470f-8081-fcdc2fae8a59	$(req.method)	/notes	undefined
20240607	19:43:11	11dad232-ef21-49ec-9c04-0068e07ad50e	$(req.method)	/notes	undefined
20240607	19:43:11	9a377e93-99cb-47c5-86d8-6cf719c2ab50	$(req.method)	/notes	undefined
20240607	19:43:27	d2aa4bf8-edbc-4a4f-a4b8-5b1254212d18	$(req.method)	/notes	undefined
20240607	19:43:27	99f5a2e5-a59b-4c53-870c-90fd75d19cf1	$(req.method)	/notes	undefined
20240607	19:43:43	d4100a36-ca54-4d8f-b763-47cad59408d8	$(req.method)	/notes	undefined
20240607	19:43:43	6b364993-472a-4fb7-8326-9e10143c77fb	$(req.method)	/notes	undefined
20240607	19:44:01	03925d1d-1673-40f7-aaa0-cc3a38261dc1	$(req.method)	/notes	undefined
20240607	19:44:01	6b757da7-9091-4cb3-a47f-35062bd63b6e	$(req.method)	/notes	undefined
20240607	19:44:21	5ff5c61b-a2fd-47d8-a1ca-73d7881517a2	$(req.method)	/notes	undefined
20240607	19:44:21	7a403dc8-934d-47b1-9259-8be34d0ef2cb	$(req.method)	/notes	undefined
20240607	19:44:55	abd56e2a-e6f7-4dce-84b9-352835a75d96	$(req.method)	/notes	undefined
20240607	19:44:55	c1115473-a391-433e-aa02-50fafcd37d50	$(req.method)	/notes	undefined
20240607	19:45:11	cbd51d7a-44ee-4e0d-87bf-5e1d76448e0b	$(req.method)	/notes	undefined
20240607	19:45:11	04d3388f-00b0-4f51-868d-b56146cd3385	$(req.method)	/notes	undefined
20240607	19:45:27	5d51db34-8e65-47d2-b7ff-e1fca1b3eebe	$(req.method)	/notes	undefined
20240607	19:45:27	d5d26830-72c0-44fd-83e2-d8099cc607ed	$(req.method)	/notes	undefined
20240607	19:45:43	5d06354b-74e6-4fea-88aa-f3db7b50964b	$(req.method)	/notes	undefined
20240607	19:45:43	e4414c93-7163-440e-b773-34d1d4f27f23	$(req.method)	/notes	undefined
20240607	19:45:59	88a4d9e2-0332-4ad7-9422-a9d89402e8fc	$(req.method)	/notes	undefined
20240607	19:45:59	b80d788d-c2f5-41af-9711-d1591f693f70	$(req.method)	/notes	undefined
20240607	19:46:15	cfc074fd-4512-4c0f-8c50-b9966b9385e4	$(req.method)	/notes	undefined
20240607	19:46:15	66eb3ecc-514f-40e1-98c1-f23be4585b4d	$(req.method)	/notes	undefined
20240607	19:46:31	23eb2e21-b93e-4f6c-a08f-11658018148c	$(req.method)	/notes	undefined
20240607	19:46:31	094423f1-54d5-4f1e-8a20-db0893b67f38	$(req.method)	/notes	undefined
20240607	19:46:47	de3cc010-9aeb-4ca4-b39b-94b7711555fb	$(req.method)	/notes	undefined
20240607	19:46:47	1e4e3e7b-e065-4a37-88f7-c4ee93154517	$(req.method)	/notes	undefined
20240607	19:47:03	32d6b956-b199-4be2-97e3-7f8b2f77b0a4	$(req.method)	/notes	undefined
20240607	19:47:03	f2196f55-16c9-44f2-8c6d-4a17535c81ac	$(req.method)	/notes	undefined
20240607	19:47:20	5020b88c-db15-4bb3-bd35-433046a96387	$(req.method)	/notes	undefined
20240607	19:47:20	5d6b3897-c812-49b8-83ad-06577eb49f55	$(req.method)	/notes	undefined
20240607	19:47:42	61a27025-4bc0-47a6-a36e-0b2a7786c24b	$(req.method)	/notes	undefined
20240607	19:47:42	3e050b07-6d0c-4299-be24-71670d1112da	$(req.method)	/notes	undefined
20240607	19:47:58	57937d32-8fd2-4294-b27a-54f4bd657bbb	$(req.method)	/notes	undefined
20240607	19:47:58	50d01cda-c482-41bc-936c-a042c6e79595	$(req.method)	/notes	undefined
20240607	19:48:14	700a86be-1170-4e1c-8bc0-d0a6e748594e	$(req.method)	/notes	undefined
20240607	19:48:14	86aa46cd-edd5-41f9-823c-60f43db993e6	$(req.method)	/notes	undefined
20240607	19:48:30	c401ffbf-4a7c-4914-8f38-9a9764c63122	$(req.method)	/notes	undefined
20240607	19:48:30	907f3102-f458-4f7e-8b47-ba7712ddaaa9	$(req.method)	/notes	undefined
20240607	19:48:46	16e7d3ba-1ce8-477d-a7bc-5b8d73702164	$(req.method)	/notes	undefined
20240607	19:48:46	affc58c3-dfa8-4448-a08f-764e0f3cb8a0	$(req.method)	/notes	undefined
20240607	19:49:02	132858bc-d20d-4116-8a67-0a84fad59390	$(req.method)	/notes	undefined
20240607	19:49:02	536754cf-b5a8-47ca-867e-7f611d0848a9	$(req.method)	/notes	undefined
20240607	19:49:18	ae685885-3511-4754-ad49-6d17851c2c49	$(req.method)	/notes	undefined
20240607	19:49:18	2f878888-78bf-42c2-bcd8-144dba606428	$(req.method)	/notes	undefined
20240607	19:49:34	7951e6f9-afa7-440e-b063-d099a337f9ea	$(req.method)	/notes	undefined
20240607	19:49:34	6651dc65-7198-410e-9efa-e04b11506faa	$(req.method)	/notes	undefined
20240607	19:50:08	fc01b799-02d1-44d8-aa84-5218418c9b9d	$(req.method)	/notes	undefined
20240607	19:50:08	5ecc0b5b-674b-4f88-b56a-d15a1142588c	$(req.method)	/notes	undefined
20240607	19:50:24	25f13dc6-55b5-4b12-bdbc-819cc1102b04	$(req.method)	/notes	undefined
20240607	19:50:24	282e6996-f4ba-4129-a146-24fcb358feac	$(req.method)	/notes	undefined
20240607	19:50:40	41d33800-944a-4386-b5c8-81bf6432b61a	$(req.method)	/notes	undefined
20240607	19:50:40	e202da67-d463-443e-9ee4-071583195c17	$(req.method)	/notes	undefined
20240607	19:51:18	5dc908d5-e94c-43dd-8226-340d91d7fcdb	$(req.method)	/notes	undefined
20240607	19:51:18	05d13357-03b9-40fb-977a-78ed0b0a3f72	$(req.method)	/notes	undefined
20240607	19:51:34	6920cac5-ec49-4b08-88a0-9a6a5ed796e5	$(req.method)	/notes	undefined
20240607	19:51:34	89ab2c0a-886e-4466-bbd7-4c2760f591a4	$(req.method)	/notes	undefined
20240607	19:52:08	b6e89e45-f722-46bb-8cec-7396a2621dfb	$(req.method)	/notes	undefined
20240607	19:52:08	e30d99ca-f7a3-44bd-b53c-7ed29cd1dc08	$(req.method)	/notes	undefined
20240607	19:52:24	010d77bb-323b-4484-acef-ca9fd924045f	$(req.method)	/notes	undefined
20240607	19:52:24	bdc8c97b-d428-4e6a-bdf9-0a728d7a4b0b	$(req.method)	/notes	undefined
20240607	19:52:40	c64558a5-2466-4af9-a594-1d9666d85d64	$(req.method)	/notes	undefined
20240607	19:52:40	d74a0bee-7d2b-475d-90d2-b31b1dfb9097	$(req.method)	/notes	undefined
20240607	19:52:56	c5e8651e-d4fc-4533-9916-f66101b2278c	$(req.method)	/notes	undefined
20240607	19:52:56	f85fd7e7-c29f-4bf1-9af0-aeeb62ab7fa1	$(req.method)	/notes	undefined
20240607	19:53:12	21f53d1c-9ac6-4582-a994-dbe7478e61a0	$(req.method)	/notes	undefined
20240607	19:53:12	00744b5e-0e8e-4592-9fc1-4205ec9eabd7	$(req.method)	/notes	undefined
20240607	19:53:28	ebedcadc-3a04-4030-a2b3-6d77d36f93c9	$(req.method)	/notes	undefined
20240607	19:53:28	612d8180-79ee-4cdc-909c-8a979ef35b0f	$(req.method)	/notes	undefined
20240607	19:53:47	b699f861-2b39-4f6b-93f9-7652a57bfa05	$(req.method)	/notes	undefined
20240607	19:53:47	e5c9ff96-d872-49af-b6f7-a456e6c9446e	$(req.method)	/notes	undefined
20240607	19:54:03	e47817bd-c8f0-417d-b418-0a1102e5c15d	$(req.method)	/notes	undefined
20240607	19:54:03	71a2f5ef-55e2-4187-9e76-82ada2a12540	$(req.method)	/notes	undefined
20240607	19:54:19	e0079219-11f6-427d-91f5-4d0d536d90e0	$(req.method)	/notes	undefined
20240607	19:54:19	e3fab74b-efa4-46a1-8083-cc627b98372d	$(req.method)	/notes	undefined
20240607	19:54:35	97d3579b-8073-43d4-af60-36bfc6afb1f1	$(req.method)	/notes	undefined
20240607	19:54:35	48e30962-b4d7-45cb-b54d-c8acebfba3ac	$(req.method)	/notes	undefined
20240607	19:54:51	331d7860-8d03-4fa9-946e-18187aeb11d8	$(req.method)	/notes	undefined
20240607	19:54:51	93c53b4d-11f4-459c-bb81-45cdbf32a616	$(req.method)	/notes	undefined
20240607	19:55:07	28affe28-e2d6-40ca-a0ed-491da0fcce28	$(req.method)	/notes	undefined
20240607	19:55:07	fe0b2230-87e4-459e-b327-f0f7367b48a5	$(req.method)	/notes	undefined
20240607	19:55:07	1fa42239-8a50-41cc-a6f4-da0cce0b3e08	$(req.method)	/auth/refresh	undefined
20240607	19:55:07	b334193e-bf13-4351-a479-c455038d0957	$(req.method)	/auth/refresh	undefined
20240607	19:55:08	e36e9730-7400-4d64-aa98-932bf263db2e	$(req.method)	/notes	undefined
20240607	19:55:24	17aa5c93-2bf8-4f3d-89f7-fb2ebdbb9a7b	$(req.method)	/notes	undefined
20240607	19:55:24	addfbe80-47c7-4d63-84f6-70ec6c86804c	$(req.method)	/notes	undefined
20240607	19:55:40	2ccd3c94-b161-4ec0-8111-4511b7101648	$(req.method)	/notes	undefined
20240607	19:55:40	5dfe8424-9e19-42b6-bb9c-41e0140fd9b2	$(req.method)	/notes	undefined
20240607	19:55:56	00047379-88d7-4e1a-a96b-0ebd43dae6ae	$(req.method)	/notes	undefined
20240607	19:55:56	f5773b1a-157d-4315-b330-49fc247a9ca1	$(req.method)	/notes	undefined
20240607	19:56:12	466aaf81-fc2a-4f6f-97d4-b74144022091	$(req.method)	/notes	undefined
20240607	19:56:12	22178c0f-5c75-4784-ad87-14d5b885b1dd	$(req.method)	/notes	undefined
20240607	19:56:28	e909f25d-0433-438e-8bb8-ffe073fbc3f7	$(req.method)	/notes	undefined
20240607	19:56:28	092ccaad-1f8c-47bb-b4ab-66e181b1d19b	$(req.method)	/notes	undefined
20240607	19:56:44	ed584b99-1d3f-45b5-b4ab-45b3044f4356	$(req.method)	/notes	undefined
20240607	19:56:44	848c4989-981d-4089-88dd-8bd92989c661	$(req.method)	/notes	undefined
20240607	19:57:00	3fa90869-1c8e-474d-a11b-4a8e66472a3a	$(req.method)	/notes	undefined
20240607	19:57:00	6e3680d1-5be5-4744-b5ac-2c03f2969b14	$(req.method)	/notes	undefined
20240607	19:57:16	ec4864ee-0857-4a4c-9c0c-11c30fb85f28	$(req.method)	/notes	undefined
20240607	19:57:16	7e659ead-ea4a-4a71-9cb7-43ff94910170	$(req.method)	/notes	undefined
20240607	19:57:32	ba70c603-e3ac-4f98-9250-297a1654098e	$(req.method)	/notes	undefined
20240607	19:57:32	20dddcc3-5da6-42c2-a0eb-1af6e00f2164	$(req.method)	/notes	undefined
20240607	19:57:48	5581b8ad-b6f3-47c2-b40d-a8627ad7a725	$(req.method)	/notes	undefined
20240607	19:57:48	dfbf8121-72b4-4784-8238-3156d5d841ae	$(req.method)	/notes	undefined
20240607	19:58:04	3b9a5025-a71a-4851-971b-1d88bec8a340	$(req.method)	/notes	undefined
20240607	19:58:04	0914b9ab-7f27-4841-8810-c3bfd5e6f987	$(req.method)	/notes	undefined
20240607	19:58:20	3079f5b4-f00c-4152-a3a0-6a6e50e34f4e	$(req.method)	/notes	undefined
20240607	19:58:20	416394d8-413c-4315-b7df-9230da4d28f2	$(req.method)	/notes	undefined
20240607	19:58:36	7eee19c9-b1c0-470a-b91e-5b5dc4632daf	$(req.method)	/notes	undefined
20240607	19:58:36	3bda4c22-700c-4d13-8449-78da21eb6315	$(req.method)	/notes	undefined
20240607	19:58:52	05db12ea-ca26-4366-9cd6-6c096097119a	$(req.method)	/notes	undefined
20240607	19:58:52	a69e251c-fff2-4aad-bf1b-3adfbab62335	$(req.method)	/notes	undefined
20240607	19:59:08	05be07d0-9e1c-4b8b-af98-dd2ee0388616	$(req.method)	/notes	undefined
20240607	19:59:08	23558f7e-380c-45a1-bd2f-8cd1dbe3e37a	$(req.method)	/notes	undefined
20240607	19:59:20	76a5bcee-2dda-4b0f-840b-2678d61abe1c	$(req.method)	/notes	undefined
20240607	19:59:20	d44b6e80-3cde-40b2-b49a-c95f343af4ed	$(req.method)	/notes	undefined
20240607	19:59:31	da664413-c037-4a03-814f-3182ddc48a89	$(req.method)	/auth	undefined
20240607	19:59:31	10f6f811-420d-44d7-be23-1bddf0d72024	$(req.method)	/auth	undefined
20240607	19:59:34	edbad5f5-2beb-4c59-b1df-38378e3a86ce	$(req.method)	/notes	undefined
20240607	19:59:34	1b95dd91-8b2c-4035-8f66-1fb8e0bda7e5	$(req.method)	/notes	undefined
20240607	19:59:37	b52d3323-40f2-4877-9d51-5a6c9098c5e6	$(req.method)	/users	undefined
20240607	19:59:37	dab07f46-9150-44c0-8526-ce3e71c3c43d	$(req.method)	/users	undefined
20240607	20:00:01	ec3665f8-38d8-4905-9e2f-cf40be7a3cdc	$(req.method)	/notes	undefined
20240607	20:00:01	b34163db-74a4-4510-b364-0e01246992db	$(req.method)	/notes	undefined
20240607	20:00:02	54d05017-b80b-4840-aa53-3936aea8da34	$(req.method)	/notes	undefined
20240607	20:00:02	96595884-2675-4844-a47d-8bbf281a290a	$(req.method)	/notes	undefined
20240607	20:00:10	d0f6c7e3-68ab-4cd7-aefe-b32228395b33	$(req.method)	/notes	undefined
20240607	20:00:10	04e5876b-24ce-4026-bd24-56ad49a19c7f	$(req.method)	/notes	undefined
20240607	20:00:11	2cd3ea67-cbd5-489b-ae9b-13684bdb667a	$(req.method)	/notes	undefined
20240607	20:00:11	2b6140c3-9fef-4710-887d-36ca349ba7c2	$(req.method)	/notes	undefined
20240607	20:00:13	bbf8af09-30c4-4d0b-a7e5-4c7b160205ef	$(req.method)	/notes	undefined
20240607	20:00:19	f5a0ea96-a339-4358-b344-4733320ddf45	$(req.method)	/users	undefined
20240607	20:00:19	fc339984-f819-460e-9b6e-0a10d4c4dcdd	$(req.method)	/users	undefined
20240607	20:00:37	284e038e-c705-4136-9a08-85a75191e2f4	$(req.method)	/users	undefined
20240607	20:00:37	799e4988-5885-4bbb-a52f-80102a44c1ff	$(req.method)	/users	undefined
20240607	20:00:37	a7468e23-f429-465a-8ee4-6773b92df9b5	$(req.method)	/users	undefined
20240607	20:00:37	742f6014-e795-4914-ae48-72ceed30dfae	$(req.method)	/users	undefined
20240607	20:00:52	fdfe0ed7-91a7-47d1-a84b-8227db4aa365	$(req.method)	/auth	undefined
20240607	20:00:52	b3d71e46-a92a-4e59-9402-4cd4ffa635a9	$(req.method)	/auth	undefined
20240607	20:00:54	21ff10f6-f293-4d3a-9ac3-1c8ce9785c7e	$(req.method)	/notes	undefined
20240607	20:00:54	52c618f0-89dd-40f1-bca3-17b7ce2cf0e9	$(req.method)	/notes	undefined
20240607	20:01:03	cfb9c18a-5258-4f08-8bbb-f460dead73ab	$(req.method)	/users	undefined
20240607	20:01:03	b26f53ae-c902-4be2-8559-34456601a4dd	$(req.method)	/users	undefined
20240607	20:01:22	55be563d-83e3-4f05-ace7-06ad0d665b1c	$(req.method)	/users	undefined
20240607	20:01:22	44f2df2a-866c-43a5-8477-078f4884a93e	$(req.method)	/users	undefined
20240607	20:01:22	64948890-caa7-468d-b02a-ca3dcd9dc8bf	$(req.method)	/users	undefined
20240607	20:01:22	faea8197-2a37-4368-916c-e4cf5851fb6f	$(req.method)	/users	undefined
20240607	20:01:27	f6b8bf67-0dc6-49d0-ae84-3605914e5aeb	$(req.method)	/users	undefined
20240607	20:01:27	b89f2f5d-9e7a-4ed6-8c6a-4f1cc95057af	$(req.method)	/users	undefined
20240607	20:01:29	9861f7eb-58d6-4a95-bdf0-aeb695127159	$(req.method)	/users	undefined
20240607	20:02:30	ccb6785f-30cd-4523-aa87-f69bd8181be1	$(req.method)	/users	undefined
20240607	20:02:30	6b03cadd-93ab-452f-8fdc-a7792aa54f5c	$(req.method)	/users	undefined
20240607	20:03:31	57ec3488-cad0-47ca-ba17-b438d7b5aac0	$(req.method)	/users	undefined
20240607	20:03:31	9fe44486-fe16-486f-a455-0268a0aae421	$(req.method)	/users	undefined
20240607	20:04:32	c884d680-3d1f-4fa8-aa73-9737a778608a	$(req.method)	/users	undefined
20240607	20:04:32	94b41685-6e39-4301-8eb1-9b43951fb3ce	$(req.method)	/users	undefined
20240607	20:05:33	bc83c7e2-fb7e-4ee7-bed6-9a8e89abee62	$(req.method)	/users	undefined
20240607	20:05:33	965571cd-0906-4ceb-a335-f24122dd4846	$(req.method)	/users	undefined
20240607	20:06:34	23c3e8a2-eb71-409d-b393-20be74baa23d	$(req.method)	/users	undefined
20240607	20:06:34	e04d48ab-b01d-4fc2-a4c2-bb9f817064ae	$(req.method)	/users	undefined
20240607	20:08:39	8d46d05f-8895-4874-b4a6-fc12d22a2aa3	$(req.method)	/users	undefined
20240607	20:08:39	1ab459a9-3221-425c-9f63-9cbc853913c8	$(req.method)	/users	undefined
20240607	20:09:40	5106cdba-4e26-4088-9723-c4347a14980d	$(req.method)	/users	undefined
20240607	20:09:40	3f24430a-25b6-4b1a-aed6-a480bf73ab63	$(req.method)	/users	undefined
20240607	20:10:03	af0b2ecf-e266-423f-99d3-16c9fe580b34	$(req.method)	/users	undefined
20240607	20:10:03	a695871f-3684-4568-a1fd-bab5598b03cc	$(req.method)	/users	undefined
20240607	20:11:04	1193fd62-b9cb-4643-929f-355743ebf3bf	$(req.method)	/users	undefined
20240607	20:11:04	202d5ce6-1326-4c55-8c29-ca3da0706270	$(req.method)	/users	undefined
20240607	20:12:05	6743a6c8-6380-4382-be94-f011277ad4f1	$(req.method)	/users	undefined
20240607	20:12:05	22abfded-4c4e-4052-baa8-c889ddea567a	$(req.method)	/users	undefined
20240607	20:13:06	419d1b1d-62a5-40fe-9a00-1861714f06ab	$(req.method)	/users	undefined
20240607	20:13:06	0da24f9e-63c9-4ba3-9624-7aa078005e79	$(req.method)	/users	undefined
20240607	20:14:07	cdfb6340-4a71-4d47-97a6-eb01bb06c1aa	$(req.method)	/users	undefined
20240607	20:14:07	f812ed13-5dc7-4e94-ae47-f6e48cc3af81	$(req.method)	/users	undefined
20240607	20:15:08	6b69545c-015c-46de-8496-7f79f917dbd4	$(req.method)	/users	undefined
20240607	20:15:08	db790a2a-031e-4a94-a186-cc443269dd04	$(req.method)	/users	undefined
20240607	20:16:09	004a3617-abe5-4f86-aa3e-eeb8fa127719	$(req.method)	/users	undefined
20240607	20:16:09	51671c82-6727-4438-8e09-7aa502e885a4	$(req.method)	/users	undefined
20240607	20:16:09	efdeb459-fbf3-41e9-b2a3-e418074be266	$(req.method)	/auth/refresh	undefined
20240607	20:16:09	7d750a51-01a3-4abc-8210-ba9e81d84523	$(req.method)	/auth/refresh	undefined
20240607	20:16:09	363afe0b-2f65-4d64-9491-3a517c496785	$(req.method)	/users	undefined
20240607	20:17:10	206e802e-2848-4a12-b480-7b02a3d92900	$(req.method)	/users	undefined
20240607	20:17:10	e3721337-965f-421f-828f-42a5a5728163	$(req.method)	/users	undefined
20240607	20:18:11	4c8f9d49-97de-4032-95e6-577d1e771df0	$(req.method)	/users	undefined
20240607	20:18:11	db6fc749-91bc-4d65-9bff-3f48faa8c629	$(req.method)	/users	undefined
20240607	20:19:12	a923a1db-276e-450b-8e9f-171aaf823fda	$(req.method)	/users	undefined
20240607	20:19:12	d51cc335-ee71-45d2-92d6-c685d39877cc	$(req.method)	/users	undefined
20240607	20:19:13	4b17ff2d-efb5-4f19-b177-abbb2605a2f7	$(req.method)	/users	undefined
20240607	20:20:13	19d01dee-53d2-4b8c-ab79-03f42a4430c2	$(req.method)	/users	undefined
20240607	20:20:13	d5a48a9a-c52e-463a-acf6-2ea2be558a07	$(req.method)	/users	undefined
20240607	20:21:14	28c6f0d6-3841-4681-ad79-797e85473704	$(req.method)	/users	undefined
20240607	20:21:14	0162312d-18fb-43ed-bb51-93c72ca7ef97	$(req.method)	/users	undefined
20240607	20:22:15	01eb5307-5a3a-42f5-af87-c3f9d4206c8a	$(req.method)	/users	undefined
20240607	20:22:15	8d33da3f-c0c6-421e-af61-23c8abc67f81	$(req.method)	/users	undefined
20240607	20:23:16	671a535d-e951-4f34-8322-75f358eec892	$(req.method)	/users	undefined
20240607	20:23:16	255aba77-32d1-48a8-a870-0866a3a114d6	$(req.method)	/users	undefined
20240607	20:24:18	efb75789-5c7c-4b54-af85-49b26a773d6e	OPTIONS	/users	http://localhost:3000
20240607	20:24:18	7a6bd03f-a82d-48c8-b58b-0ae5d8eeffd9	GET	/users	http://localhost:3000
20240607	20:44:15	a740d3dd-ed59-4c7f-baab-579697750cab	OPTIONS	/users	http://localhost:3000
20240607	20:44:15	91498c22-cc3c-4c9a-a535-e013dcecbfd6	GET	/users	http://localhost:3000
20240607	20:44:15	d41f74c0-5a94-42f7-94c7-653e09922d59	OPTIONS	/auth/refresh	http://localhost:3000
20240607	20:44:15	2cfc8593-c2ff-4110-96f5-1c39e82a3f12	GET	/auth/refresh	http://localhost:3000
20240607	20:44:15	f9813d1c-cf15-4e26-84f1-8514480401d1	GET	/users	http://localhost:3000
20240607	20:45:16	b36ac350-573b-4f5b-a4ad-65005283a192	OPTIONS	/users	http://localhost:3000
20240607	20:45:16	dc6484e4-d0a0-4581-bc20-f3ae19c83e2f	GET	/users	http://localhost:3000
20240607	20:46:17	029b59b5-24fc-4e6c-a117-837f3ac90301	OPTIONS	/users	http://localhost:3000
20240607	20:46:17	c79a8ef7-ed11-4c75-9359-e25d68aa352a	GET	/users	http://localhost:3000
20240607	20:47:18	cef8eddb-ac99-405d-9581-7fba8269c5ea	OPTIONS	/users	http://localhost:3000
20240607	20:47:18	be11f341-d7ed-48f7-8f78-eb4f3b89a600	GET	/users	http://localhost:3000
20240607	20:48:19	0ca1ba5c-6106-4a9d-b218-36e9018e7c9a	OPTIONS	/users	http://localhost:3000
20240607	20:48:19	cfc9f863-24e6-4254-84a4-e10df9c1ef48	GET	/users	http://localhost:3000
20240607	20:49:20	794e668b-12d7-4520-aa82-4ffc316cb964	OPTIONS	/users	http://localhost:3000
20240607	20:49:20	abe3eb21-9178-4947-9de2-1ebedcbff097	GET	/users	http://localhost:3000
20240607	20:50:21	e8e19d9f-3765-49ef-ad81-16f23f102681	OPTIONS	/users	http://localhost:3000
20240607	20:50:21	ad7e5c36-1913-4472-af9f-7902106d90d0	GET	/users	http://localhost:3000
20240607	20:52:25	98b7ee5e-6486-4641-934a-387008395022	OPTIONS	/users	http://localhost:3000
20240607	20:52:25	69c1c542-7827-47e0-9dc7-7f0439b95c21	GET	/users	http://localhost:3000
